{"/Users/danielmorais/Documents/Trybe/Projetos/Projeto12/sd-026-b-project-react-testing-library/src/App.js": {"path":"/Users/danielmorais/Documents/Trybe/Projetos/Projeto12/sd-026-b-project-react-testing-library/src/App.js","statementMap":{"0":{"start":{"line":16,"column":4},"end":{"line":16,"column":17}},"1":{"start":{"line":17,"column":4},"end":{"line":17,"column":76}},"2":{"start":{"line":21,"column":4},"end":{"line":21,"column":49}},"3":{"start":{"line":23,"column":4},"end":{"line":23,"column":80}},"4":{"start":{"line":27,"column":31},"end":{"line":27,"column":55}},"5":{"start":{"line":28,"column":30},"end":{"line":31,"column":10}},"6":{"start":{"line":29,"column":6},"end":{"line":29,"column":64}},"7":{"start":{"line":30,"column":6},"end":{"line":30,"column":17}},"8":{"start":{"line":33,"column":4},"end":{"line":33,"column":29}},"9":{"start":{"line":37,"column":38},"end":{"line":37,"column":48}},"10":{"start":{"line":38,"column":28},"end":{"line":38,"column":85}},"11":{"start":{"line":38,"column":59},"end":{"line":38,"column":84}},"12":{"start":{"line":40,"column":4},"end":{"line":57,"column":6}},"13":{"start":{"line":53,"column":36},"end":{"line":53,"column":84}}},"fnMap":{"0":{"name":"(anonymous_0)","decl":{"start":{"line":15,"column":2},"end":{"line":15,"column":3}},"loc":{"start":{"line":15,"column":21},"end":{"line":18,"column":3}},"line":15},"1":{"name":"(anonymous_1)","decl":{"start":{"line":20,"column":2},"end":{"line":20,"column":3}},"loc":{"start":{"line":20,"column":49},"end":{"line":24,"column":3}},"line":20},"2":{"name":"(anonymous_2)","decl":{"start":{"line":26,"column":2},"end":{"line":26,"column":3}},"loc":{"start":{"line":26,"column":29},"end":{"line":34,"column":3}},"line":26},"3":{"name":"(anonymous_3)","decl":{"start":{"line":28,"column":49},"end":{"line":28,"column":50}},"loc":{"start":{"line":28,"column":67},"end":{"line":31,"column":5}},"line":28},"4":{"name":"(anonymous_4)","decl":{"start":{"line":36,"column":2},"end":{"line":36,"column":3}},"loc":{"start":{"line":36,"column":11},"end":{"line":58,"column":3}},"line":36},"5":{"name":"(anonymous_5)","decl":{"start":{"line":38,"column":47},"end":{"line":38,"column":48}},"loc":{"start":{"line":38,"column":59},"end":{"line":38,"column":84}},"line":38},"6":{"name":"(anonymous_6)","decl":{"start":{"line":53,"column":12},"end":{"line":53,"column":13}},"loc":{"start":{"line":53,"column":36},"end":{"line":53,"column":84}},"line":53}},"branchMap":{},"s":{"0":13,"1":13,"2":5,"3":5,"4":18,"5":18,"6":162,"7":162,"8":18,"9":18,"10":18,"11":162,"12":18,"13":5},"f":{"0":13,"1":5,"2":18,"3":162,"4":18,"5":162,"6":5},"b":{},"_coverageSchema":"1a1c01bbd47fc00a2c39e90264f33305004495a9","hash":"f7399d5880308120bf5c6a37e74fcbd2f877336d"}
,"/Users/danielmorais/Documents/Trybe/Projetos/Projeto12/sd-026-b-project-react-testing-library/src/data.js": {"path":"/Users/danielmorais/Documents/Trybe/Projetos/Projeto12/sd-026-b-project-react-testing-library/src/data.js","statementMap":{"0":{"start":{"line":1,"column":20},"end":{"line":200,"column":1}}},"fnMap":{},"branchMap":{},"s":{"0":4},"f":{},"b":{},"_coverageSchema":"1a1c01bbd47fc00a2c39e90264f33305004495a9","hash":"ed1ac4492efa396417bbba21bfa823aeb0905cce"}
,"/Users/danielmorais/Documents/Trybe/Projetos/Projeto12/sd-026-b-project-react-testing-library/src/renderWithRouter.js": {"path":"/Users/danielmorais/Documents/Trybe/Projetos/Projeto12/sd-026-b-project-react-testing-library/src/renderWithRouter.js","statementMap":{"0":{"start":{"line":6,"column":25},"end":{"line":11,"column":1}},"1":{"start":{"line":7,"column":18},"end":{"line":7,"column":39}},"2":{"start":{"line":8,"column":2},"end":{"line":10,"column":5}}},"fnMap":{"0":{"name":"(anonymous_0)","decl":{"start":{"line":6,"column":25},"end":{"line":6,"column":26}},"loc":{"start":{"line":6,"column":40},"end":{"line":11,"column":1}},"line":6}},"branchMap":{},"s":{"0":7,"1":20,"2":20},"f":{"0":20},"b":{},"_coverageSchema":"1a1c01bbd47fc00a2c39e90264f33305004495a9","hash":"339a8dfd1a6df04012c3002d22af03b925cf528d"}
,"/Users/danielmorais/Documents/Trybe/Projetos/Projeto12/sd-026-b-project-react-testing-library/src/components/Button.js": {"path":"/Users/danielmorais/Documents/Trybe/Projetos/Projeto12/sd-026-b-project-react-testing-library/src/components/Button.js","statementMap":{"0":{"start":{"line":14,"column":8},"end":{"line":14,"column":18}},"1":{"start":{"line":16,"column":4},"end":{"line":26,"column":6}},"2":{"start":{"line":30,"column":0},"end":{"line":36,"column":2}},"3":{"start":{"line":38,"column":0},"end":{"line":43,"column":2}}},"fnMap":{"0":{"name":"(anonymous_0)","decl":{"start":{"line":7,"column":2},"end":{"line":7,"column":3}},"loc":{"start":{"line":7,"column":11},"end":{"line":27,"column":3}},"line":7}},"branchMap":{},"s":{"0":459,"1":459,"2":7,"3":7},"f":{"0":459},"b":{},"_coverageSchema":"1a1c01bbd47fc00a2c39e90264f33305004495a9","hash":"ac6199b51ca55f4785070ee0a1d2263c01a84828"}
,"/Users/danielmorais/Documents/Trybe/Projetos/Projeto12/sd-026-b-project-react-testing-library/src/components/FavoriteInput.js": {"path":"/Users/danielmorais/Documents/Trybe/Projetos/Projeto12/sd-026-b-project-react-testing-library/src/components/FavoriteInput.js","statementMap":{"0":{"start":{"line":6,"column":52},"end":{"line":6,"column":62}},"1":{"start":{"line":7,"column":4},"end":{"line":21,"column":6}},"2":{"start":{"line":16,"column":43},"end":{"line":16,"column":75}},"3":{"start":{"line":25,"column":0},"end":{"line":28,"column":2}}},"fnMap":{"0":{"name":"(anonymous_0)","decl":{"start":{"line":5,"column":2},"end":{"line":5,"column":3}},"loc":{"start":{"line":5,"column":11},"end":{"line":22,"column":3}},"line":5},"1":{"name":"(anonymous_1)","decl":{"start":{"line":16,"column":14},"end":{"line":16,"column":15}},"loc":{"start":{"line":16,"column":43},"end":{"line":16,"column":75}},"line":16}},"branchMap":{},"s":{"0":8,"1":8,"2":5,"3":7},"f":{"0":8,"1":5},"b":{},"_coverageSchema":"1a1c01bbd47fc00a2c39e90264f33305004495a9","hash":"e711fbc9e29c0d103a8e637580d515a8712d5bbf"}
,"/Users/danielmorais/Documents/Trybe/Projetos/Projeto12/sd-026-b-project-react-testing-library/src/components/Pokemon.js": {"path":"/Users/danielmorais/Documents/Trybe/Projetos/Projeto12/sd-026-b-project-react-testing-library/src/components/Pokemon.js","statementMap":{"0":{"start":{"line":11,"column":53},"end":{"line":11,"column":63}},"1":{"start":{"line":12,"column":53},"end":{"line":12,"column":60}},"2":{"start":{"line":13,"column":39},"end":{"line":13,"column":52}},"3":{"start":{"line":15,"column":4},"end":{"line":34,"column":6}},"4":{"start":{"line":38,"column":0},"end":{"line":42,"column":2}},"5":{"start":{"line":44,"column":0},"end":{"line":46,"column":2}}},"fnMap":{"0":{"name":"(anonymous_0)","decl":{"start":{"line":10,"column":2},"end":{"line":10,"column":3}},"loc":{"start":{"line":10,"column":11},"end":{"line":35,"column":3}},"line":10}},"branchMap":{"0":{"loc":{"start":{"line":23,"column":11},"end":{"line":23,"column":79}},"type":"binary-expr","locations":[{"start":{"line":23,"column":11},"end":{"line":23,"column":26}},{"start":{"line":23,"column":30},"end":{"line":23,"column":79}}],"line":23},"1":{"loc":{"start":{"line":26,"column":9},"end":{"line":32,"column":9}},"type":"binary-expr","locations":[{"start":{"line":26,"column":9},"end":{"line":26,"column":19}},{"start":{"line":27,"column":10},"end":{"line":31,"column":12}}],"line":26}},"s":{"0":62,"1":62,"2":62,"3":62,"4":7,"5":7},"f":{"0":62},"b":{"0":[62,54],"1":[62,5]},"_coverageSchema":"1a1c01bbd47fc00a2c39e90264f33305004495a9","hash":"cab1ea49bee677d6b986548da66b824e9d30d209"}
,"/Users/danielmorais/Documents/Trybe/Projetos/Projeto12/sd-026-b-project-react-testing-library/src/components/PokemonButtonsPanel.js": {"path":"/Users/danielmorais/Documents/Trybe/Projetos/Projeto12/sd-026-b-project-react-testing-library/src/components/PokemonButtonsPanel.js","statementMap":{"0":{"start":{"line":8,"column":44},"end":{"line":8,"column":54}},"1":{"start":{"line":9,"column":4},"end":{"line":28,"column":6}},"2":{"start":{"line":12,"column":26},"end":{"line":12,"column":46}},"3":{"start":{"line":18,"column":10},"end":{"line":25,"column":19}},"4":{"start":{"line":21,"column":28},"end":{"line":21,"column":47}},"5":{"start":{"line":32,"column":0},"end":{"line":35,"column":2}}},"fnMap":{"0":{"name":"(anonymous_0)","decl":{"start":{"line":7,"column":2},"end":{"line":7,"column":3}},"loc":{"start":{"line":7,"column":11},"end":{"line":29,"column":3}},"line":7},"1":{"name":"(anonymous_1)","decl":{"start":{"line":12,"column":20},"end":{"line":12,"column":21}},"loc":{"start":{"line":12,"column":26},"end":{"line":12,"column":46}},"line":12},"2":{"name":"(anonymous_2)","decl":{"start":{"line":17,"column":26},"end":{"line":17,"column":27}},"loc":{"start":{"line":18,"column":10},"end":{"line":25,"column":19}},"line":18},"3":{"name":"(anonymous_3)","decl":{"start":{"line":21,"column":22},"end":{"line":21,"column":23}},"loc":{"start":{"line":21,"column":28},"end":{"line":21,"column":47}},"line":21}},"branchMap":{},"s":{"0":51,"1":51,"2":1,"3":357,"4":10,"5":7},"f":{"0":51,"1":1,"2":357,"3":10},"b":{},"_coverageSchema":"1a1c01bbd47fc00a2c39e90264f33305004495a9","hash":"fe548d596ee2b1662533222563163a9a853952f6"}
,"/Users/danielmorais/Documents/Trybe/Projetos/Projeto12/sd-026-b-project-react-testing-library/src/components/PokemonData.js": {"path":"/Users/danielmorais/Documents/Trybe/Projetos/Projeto12/sd-026-b-project-react-testing-library/src/components/PokemonData.js","statementMap":{"0":{"start":{"line":6,"column":24},"end":{"line":6,"column":34}},"1":{"start":{"line":7,"column":39},"end":{"line":7,"column":46}},"2":{"start":{"line":9,"column":4},"end":{"line":27,"column":6}},"3":{"start":{"line":19,"column":14},"end":{"line":22,"column":20}},"4":{"start":{"line":31,"column":0},"end":{"line":33,"column":2}}},"fnMap":{"0":{"name":"(anonymous_0)","decl":{"start":{"line":5,"column":2},"end":{"line":5,"column":3}},"loc":{"start":{"line":5,"column":11},"end":{"line":28,"column":3}},"line":5},"1":{"name":"(anonymous_1)","decl":{"start":{"line":18,"column":26},"end":{"line":18,"column":27}},"loc":{"start":{"line":19,"column":14},"end":{"line":22,"column":20}},"line":19}},"branchMap":{},"s":{"0":8,"1":8,"2":8,"3":16,"4":7},"f":{"0":8,"1":16},"b":{},"_coverageSchema":"1a1c01bbd47fc00a2c39e90264f33305004495a9","hash":"f29ab2f3c3bdacde0f4c704b5defc4c34a91ba03"}
,"/Users/danielmorais/Documents/Trybe/Projetos/Projeto12/sd-026-b-project-react-testing-library/src/components/index.js": {"path":"/Users/danielmorais/Documents/Trybe/Projetos/Projeto12/sd-026-b-project-react-testing-library/src/components/index.js","statementMap":{},"fnMap":{},"branchMap":{},"s":{},"f":{},"b":{},"_coverageSchema":"1a1c01bbd47fc00a2c39e90264f33305004495a9","hash":"74c312bd1cf7750215603450f7dd3d30cf36196a"}
,"/Users/danielmorais/Documents/Trybe/Projetos/Projeto12/sd-026-b-project-react-testing-library/src/pages/About.js": {"path":"/Users/danielmorais/Documents/Trybe/Projetos/Projeto12/sd-026-b-project-react-testing-library/src/pages/About.js","statementMap":{"0":{"start":{"line":6,"column":4},"end":{"line":24,"column":6}}},"fnMap":{"0":{"name":"(anonymous_0)","decl":{"start":{"line":5,"column":2},"end":{"line":5,"column":3}},"loc":{"start":{"line":5,"column":11},"end":{"line":25,"column":3}},"line":5}},"branchMap":{},"s":{"0":2},"f":{"0":2},"b":{},"_coverageSchema":"1a1c01bbd47fc00a2c39e90264f33305004495a9","hash":"67ca38ebb5c1597d9386ccdd1b65d5de0a72703d"}
,"/Users/danielmorais/Documents/Trybe/Projetos/Projeto12/sd-026-b-project-react-testing-library/src/pages/FavoritePokemon.js": {"path":"/Users/danielmorais/Documents/Trybe/Projetos/Projeto12/sd-026-b-project-react-testing-library/src/pages/FavoritePokemon.js","statementMap":{"0":{"start":{"line":9,"column":13},"end":{"line":9,"column":14}},"1":{"start":{"line":13,"column":28},"end":{"line":13,"column":38}},"2":{"start":{"line":14,"column":20},"end":{"line":14,"column":47}},"3":{"start":{"line":16,"column":4},"end":{"line":31,"column":6}},"4":{"start":{"line":25,"column":12},"end":{"line":27,"column":18}},"5":{"start":{"line":35,"column":0},"end":{"line":37,"column":2}},"6":{"start":{"line":39,"column":0},"end":{"line":41,"column":2}}},"fnMap":{"0":{"name":"(anonymous_0)","decl":{"start":{"line":12,"column":2},"end":{"line":12,"column":3}},"loc":{"start":{"line":12,"column":11},"end":{"line":32,"column":3}},"line":12},"1":{"name":"(anonymous_1)","decl":{"start":{"line":24,"column":26},"end":{"line":24,"column":27}},"loc":{"start":{"line":25,"column":12},"end":{"line":27,"column":18}},"line":25}},"branchMap":{"0":{"loc":{"start":{"line":19,"column":10},"end":{"line":29,"column":9}},"type":"cond-expr","locations":[{"start":{"line":20,"column":10},"end":{"line":22,"column":16}},{"start":{"line":24,"column":10},"end":{"line":28,"column":12}}],"line":19}},"s":{"0":6,"1":3,"2":3,"3":3,"4":1,"5":6,"6":6},"f":{"0":3,"1":1},"b":{"0":[2,1]},"_coverageSchema":"1a1c01bbd47fc00a2c39e90264f33305004495a9","hash":"4ef28948986c29d1efc2cbffc270db071822acf5"}
,"/Users/danielmorais/Documents/Trybe/Projetos/Projeto12/sd-026-b-project-react-testing-library/src/pages/NotFound.js": {"path":"/Users/danielmorais/Documents/Trybe/Projetos/Projeto12/sd-026-b-project-react-testing-library/src/pages/NotFound.js","statementMap":{"0":{"start":{"line":6,"column":4},"end":{"line":17,"column":6}}},"fnMap":{"0":{"name":"(anonymous_0)","decl":{"start":{"line":5,"column":2},"end":{"line":5,"column":3}},"loc":{"start":{"line":5,"column":11},"end":{"line":18,"column":3}},"line":5}},"branchMap":{},"s":{"0":3},"f":{"0":3},"b":{},"_coverageSchema":"1a1c01bbd47fc00a2c39e90264f33305004495a9","hash":"a276dc482b96f39e932ab31dd17be1b9d9e061d6"}
,"/Users/danielmorais/Documents/Trybe/Projetos/Projeto12/sd-026-b-project-react-testing-library/src/pages/Pokedex.js": {"path":"/Users/danielmorais/Documents/Trybe/Projetos/Projeto12/sd-026-b-project-react-testing-library/src/pages/Pokedex.js","statementMap":{"0":{"start":{"line":15,"column":4},"end":{"line":15,"column":17}},"1":{"start":{"line":16,"column":4},"end":{"line":16,"column":58}},"2":{"start":{"line":20,"column":4},"end":{"line":20,"column":53}},"3":{"start":{"line":24,"column":4},"end":{"line":26,"column":7}},"4":{"start":{"line":25,"column":6},"end":{"line":25,"column":66}},"5":{"start":{"line":30,"column":28},"end":{"line":30,"column":38}},"6":{"start":{"line":31,"column":29},"end":{"line":31,"column":39}},"7":{"start":{"line":33,"column":4},"end":{"line":36,"column":7}},"8":{"start":{"line":34,"column":6},"end":{"line":34,"column":46}},"9":{"start":{"line":34,"column":34},"end":{"line":34,"column":46}},"10":{"start":{"line":35,"column":6},"end":{"line":35,"column":43}},"11":{"start":{"line":40,"column":28},"end":{"line":40,"column":38}},"12":{"start":{"line":42,"column":4},"end":{"line":42,"column":87}},"13":{"start":{"line":42,"column":63},"end":{"line":42,"column":79}},"14":{"start":{"line":46,"column":38},"end":{"line":46,"column":48}},"15":{"start":{"line":47,"column":28},"end":{"line":47,"column":55}},"16":{"start":{"line":48,"column":29},"end":{"line":48,"column":39}},"17":{"start":{"line":49,"column":20},"end":{"line":49,"column":49}},"18":{"start":{"line":50,"column":25},"end":{"line":50,"column":49}},"19":{"start":{"line":52,"column":4},"end":{"line":72,"column":6}},"20":{"start":{"line":61,"column":36},"end":{"line":61,"column":60}},"21":{"start":{"line":66,"column":26},"end":{"line":66,"column":66}},"22":{"start":{"line":76,"column":0},"end":{"line":79,"column":2}}},"fnMap":{"0":{"name":"(anonymous_0)","decl":{"start":{"line":14,"column":2},"end":{"line":14,"column":3}},"loc":{"start":{"line":14,"column":21},"end":{"line":17,"column":3}},"line":14},"1":{"name":"(anonymous_1)","decl":{"start":{"line":19,"column":2},"end":{"line":19,"column":3}},"loc":{"start":{"line":19,"column":30},"end":{"line":21,"column":3}},"line":19},"2":{"name":"(anonymous_2)","decl":{"start":{"line":23,"column":2},"end":{"line":23,"column":3}},"loc":{"start":{"line":23,"column":31},"end":{"line":27,"column":3}},"line":23},"3":{"name":"(anonymous_3)","decl":{"start":{"line":24,"column":18},"end":{"line":24,"column":19}},"loc":{"start":{"line":25,"column":6},"end":{"line":25,"column":66}},"line":25},"4":{"name":"(anonymous_4)","decl":{"start":{"line":29,"column":2},"end":{"line":29,"column":3}},"loc":{"start":{"line":29,"column":25},"end":{"line":37,"column":3}},"line":29},"5":{"name":"(anonymous_5)","decl":{"start":{"line":33,"column":30},"end":{"line":33,"column":31}},"loc":{"start":{"line":33,"column":43},"end":{"line":36,"column":5}},"line":33},"6":{"name":"(anonymous_6)","decl":{"start":{"line":39,"column":2},"end":{"line":39,"column":3}},"loc":{"start":{"line":39,"column":22},"end":{"line":43,"column":3}},"line":39},"7":{"name":"(anonymous_7)","decl":{"start":{"line":42,"column":42},"end":{"line":42,"column":43}},"loc":{"start":{"line":42,"column":63},"end":{"line":42,"column":79}},"line":42},"8":{"name":"(anonymous_8)","decl":{"start":{"line":45,"column":2},"end":{"line":45,"column":3}},"loc":{"start":{"line":45,"column":11},"end":{"line":73,"column":3}},"line":45},"9":{"name":"(anonymous_9)","decl":{"start":{"line":61,"column":26},"end":{"line":61,"column":27}},"loc":{"start":{"line":61,"column":36},"end":{"line":61,"column":60}},"line":61},"10":{"name":"(anonymous_10)","decl":{"start":{"line":66,"column":20},"end":{"line":66,"column":21}},"loc":{"start":{"line":66,"column":26},"end":{"line":66,"column":66}},"line":66}},"branchMap":{"0":{"loc":{"start":{"line":34,"column":6},"end":{"line":34,"column":46}},"type":"if","locations":[{"start":{"line":34,"column":6},"end":{"line":34,"column":46}},{"start":{},"end":{}}],"line":34}},"s":{"0":13,"1":13,"2":11,"3":26,"4":26,"5":51,"6":51,"7":51,"8":459,"9":297,"10":162,"11":51,"12":51,"13":459,"14":51,"15":51,"16":51,"17":51,"18":51,"19":51,"20":11,"21":26,"22":6},"f":{"0":13,"1":11,"2":26,"3":26,"4":51,"5":459,"6":51,"7":459,"8":51,"9":11,"10":26},"b":{"0":[297,162]},"_coverageSchema":"1a1c01bbd47fc00a2c39e90264f33305004495a9","hash":"830af306a20147082b8db90c645671948a57f4be"}
,"/Users/danielmorais/Documents/Trybe/Projetos/Projeto12/sd-026-b-project-react-testing-library/src/pages/PokemonDetails.js": {"path":"/Users/danielmorais/Documents/Trybe/Projetos/Projeto12/sd-026-b-project-react-testing-library/src/pages/PokemonDetails.js","statementMap":{"0":{"start":{"line":13,"column":28},"end":{"line":13,"column":38}},"1":{"start":{"line":15,"column":4},"end":{"line":15,"column":56}},"2":{"start":{"line":15,"column":40},"end":{"line":15,"column":54}},"3":{"start":{"line":23,"column":8},"end":{"line":23,"column":18}},"4":{"start":{"line":25,"column":20},"end":{"line":25,"column":54}},"5":{"start":{"line":26,"column":23},"end":{"line":26,"column":48}},"6":{"start":{"line":28,"column":4},"end":{"line":44,"column":6}},"7":{"start":{"line":40,"column":25},"end":{"line":40,"column":69}},"8":{"start":{"line":48,"column":0},"end":{"line":57,"column":2}}},"fnMap":{"0":{"name":"(anonymous_0)","decl":{"start":{"line":12,"column":2},"end":{"line":12,"column":3}},"loc":{"start":{"line":12,"column":23},"end":{"line":16,"column":3}},"line":12},"1":{"name":"(anonymous_1)","decl":{"start":{"line":15,"column":28},"end":{"line":15,"column":29}},"loc":{"start":{"line":15,"column":40},"end":{"line":15,"column":54}},"line":15},"2":{"name":"(anonymous_2)","decl":{"start":{"line":18,"column":2},"end":{"line":18,"column":3}},"loc":{"start":{"line":18,"column":11},"end":{"line":45,"column":3}},"line":18},"3":{"name":"(anonymous_3)","decl":{"start":{"line":40,"column":12},"end":{"line":40,"column":13}},"loc":{"start":{"line":40,"column":25},"end":{"line":40,"column":69}},"line":40}},"branchMap":{},"s":{"0":8,"1":8,"2":8,"3":8,"4":8,"5":8,"6":8,"7":5,"8":6},"f":{"0":8,"1":8,"2":8,"3":5},"b":{},"_coverageSchema":"1a1c01bbd47fc00a2c39e90264f33305004495a9","hash":"e9db040c2a8e35b947572616b619a0ce1f65bfa4"}
,"/Users/danielmorais/Documents/Trybe/Projetos/Projeto12/sd-026-b-project-react-testing-library/src/pages/index.js": {"path":"/Users/danielmorais/Documents/Trybe/Projetos/Projeto12/sd-026-b-project-react-testing-library/src/pages/index.js","statementMap":{},"fnMap":{},"branchMap":{},"s":{},"f":{},"b":{},"_coverageSchema":"1a1c01bbd47fc00a2c39e90264f33305004495a9","hash":"e801fe29808649b2c1c22681a0de7eed27a337b5"}
,"/Users/danielmorais/Documents/Trybe/Projetos/Projeto12/sd-026-b-project-react-testing-library/src/routes/index.js": {"path":"/Users/danielmorais/Documents/Trybe/Projetos/Projeto12/sd-026-b-project-react-testing-library/src/routes/index.js","statementMap":{"0":{"start":{"line":18,"column":8},"end":{"line":18,"column":18}},"1":{"start":{"line":19,"column":4},"end":{"line":49,"column":6}},"2":{"start":{"line":25,"column":12},"end":{"line":28,"column":14}},"3":{"start":{"line":34,"column":12},"end":{"line":39,"column":14}},"4":{"start":{"line":44,"column":25},"end":{"line":44,"column":76}},"5":{"start":{"line":53,"column":0},"end":{"line":58,"column":2}}},"fnMap":{"0":{"name":"(anonymous_0)","decl":{"start":{"line":15,"column":2},"end":{"line":15,"column":3}},"loc":{"start":{"line":15,"column":11},"end":{"line":50,"column":3}},"line":15},"1":{"name":"(anonymous_1)","decl":{"start":{"line":24,"column":19},"end":{"line":24,"column":20}},"loc":{"start":{"line":25,"column":12},"end":{"line":28,"column":14}},"line":25},"2":{"name":"(anonymous_2)","decl":{"start":{"line":33,"column":19},"end":{"line":33,"column":20}},"loc":{"start":{"line":34,"column":12},"end":{"line":39,"column":14}},"line":34},"3":{"name":"(anonymous_3)","decl":{"start":{"line":44,"column":19},"end":{"line":44,"column":20}},"loc":{"start":{"line":44,"column":25},"end":{"line":44,"column":76}},"line":44}},"branchMap":{},"s":{"0":18,"1":18,"2":14,"3":8,"4":1,"5":3},"f":{"0":18,"1":14,"2":8,"3":1},"b":{},"_coverageSchema":"1a1c01bbd47fc00a2c39e90264f33305004495a9","hash":"b148152be40cd454b9ad65aad107aa32ab5e74e3"}
,"/Users/danielmorais/Documents/Trybe/Projetos/Projeto12/sd-026-b-project-react-testing-library/src/services/pokedexService.js": {"path":"/Users/danielmorais/Documents/Trybe/Projetos/Projeto12/sd-026-b-project-react-testing-library/src/services/pokedexService.js","statementMap":{"0":{"start":{"line":1,"column":38},"end":{"line":3,"column":1}},"1":{"start":{"line":2,"column":2},"end":{"line":2,"column":62}},"2":{"start":{"line":5,"column":28},"end":{"line":7,"column":1}},"3":{"start":{"line":6,"column":2},"end":{"line":6,"column":73}},"4":{"start":{"line":9,"column":30},"end":{"line":14,"column":1}},"5":{"start":{"line":10,"column":26},"end":{"line":10,"column":50}},"6":{"start":{"line":11,"column":29},"end":{"line":11,"column":60}},"7":{"start":{"line":13,"column":2},"end":{"line":13,"column":42}},"8":{"start":{"line":16,"column":35},"end":{"line":21,"column":1}},"9":{"start":{"line":17,"column":26},"end":{"line":17,"column":50}},"10":{"start":{"line":18,"column":29},"end":{"line":18,"column":77}},"11":{"start":{"line":18,"column":60},"end":{"line":18,"column":76}},"12":{"start":{"line":20,"column":2},"end":{"line":20,"column":42}},"13":{"start":{"line":23,"column":37},"end":{"line":25,"column":1}},"14":{"start":{"line":24,"column":2},"end":{"line":24,"column":87}}},"fnMap":{"0":{"name":"(anonymous_0)","decl":{"start":{"line":1,"column":38},"end":{"line":1,"column":39}},"loc":{"start":{"line":2,"column":2},"end":{"line":2,"column":62}},"line":2},"1":{"name":"(anonymous_1)","decl":{"start":{"line":5,"column":28},"end":{"line":5,"column":29}},"loc":{"start":{"line":6,"column":2},"end":{"line":6,"column":73}},"line":6},"2":{"name":"(anonymous_2)","decl":{"start":{"line":9,"column":30},"end":{"line":9,"column":31}},"loc":{"start":{"line":9,"column":45},"end":{"line":14,"column":1}},"line":9},"3":{"name":"(anonymous_3)","decl":{"start":{"line":16,"column":35},"end":{"line":16,"column":36}},"loc":{"start":{"line":16,"column":50},"end":{"line":21,"column":1}},"line":16},"4":{"name":"(anonymous_4)","decl":{"start":{"line":18,"column":52},"end":{"line":18,"column":53}},"loc":{"start":{"line":18,"column":60},"end":{"line":18,"column":76}},"line":18},"5":{"name":"(anonymous_5)","decl":{"start":{"line":23,"column":37},"end":{"line":23,"column":38}},"loc":{"start":{"line":24,"column":2},"end":{"line":24,"column":87}},"line":24}},"branchMap":{"0":{"loc":{"start":{"line":2,"column":2},"end":{"line":2,"column":62}},"type":"binary-expr","locations":[{"start":{"line":2,"column":2},"end":{"line":2,"column":56}},{"start":{"line":2,"column":60},"end":{"line":2,"column":62}}],"line":2},"1":{"loc":{"start":{"line":24,"column":2},"end":{"line":24,"column":87}},"type":"cond-expr","locations":[{"start":{"line":24,"column":15},"end":{"line":24,"column":47}},{"start":{"line":24,"column":50},"end":{"line":24,"column":87}}],"line":24}},"s":{"0":3,"1":23,"2":3,"3":5,"4":3,"5":3,"6":3,"7":3,"8":3,"9":2,"10":2,"11":2,"12":2,"13":3,"14":5},"f":{"0":23,"1":5,"2":3,"3":2,"4":2,"5":5},"b":{"0":[23,14],"1":[3,2]},"_coverageSchema":"1a1c01bbd47fc00a2c39e90264f33305004495a9","hash":"a70634f9b6dca2728b8ab1d8e9610e147d8cb902"}
,"/Users/danielmorais/Documents/Trybe/Projetos/Projeto12/sd-026-b-project-react-testing-library/src/types/index.js": {"path":"/Users/danielmorais/Documents/Trybe/Projetos/Projeto12/sd-026-b-project-react-testing-library/src/types/index.js","statementMap":{"0":{"start":{"line":10,"column":41},"end":{"line":10,"column":55}},"1":{"start":{"line":12,"column":27},"end":{"line":27,"column":2}}},"fnMap":{},"branchMap":{},"s":{"0":7,"1":7},"f":{},"b":{},"_coverageSchema":"1a1c01bbd47fc00a2c39e90264f33305004495a9","hash":"734ff48ba2f777847aeac015f9fb285db30ef68a"}
}
