TN:
SF:src/App.js
FN:15,(anonymous_0)
FN:20,(anonymous_1)
FN:26,(anonymous_2)
FN:28,(anonymous_3)
FN:36,(anonymous_4)
FN:38,(anonymous_5)
FN:53,(anonymous_6)
FNF:7
FNH:7
FNDA:13,(anonymous_0)
FNDA:5,(anonymous_1)
FNDA:18,(anonymous_2)
FNDA:162,(anonymous_3)
FNDA:18,(anonymous_4)
FNDA:162,(anonymous_5)
FNDA:5,(anonymous_6)
DA:16,13
DA:17,13
DA:21,5
DA:23,5
DA:27,18
DA:28,18
DA:29,162
DA:30,162
DA:33,18
DA:37,18
DA:38,162
DA:40,18
DA:53,5
LF:13
LH:13
BRF:0
BRH:0
end_of_record
TN:
SF:src/data.js
FNF:0
FNH:0
DA:1,4
LF:1
LH:1
BRF:0
BRH:0
end_of_record
TN:
SF:src/renderWithRouter.js
FN:6,(anonymous_0)
FNF:1
FNH:1
FNDA:20,(anonymous_0)
DA:6,7
DA:7,20
DA:8,20
LF:3
LH:3
BRF:0
BRH:0
end_of_record
TN:
SF:src/components/Button.js
FN:7,(anonymous_0)
FNF:1
FNH:1
FNDA:459,(anonymous_0)
DA:14,459
DA:16,459
DA:30,7
DA:38,7
LF:4
LH:4
BRF:0
BRH:0
end_of_record
TN:
SF:src/components/FavoriteInput.js
FN:5,(anonymous_0)
FN:16,(anonymous_1)
FNF:2
FNH:2
FNDA:8,(anonymous_0)
FNDA:5,(anonymous_1)
DA:6,8
DA:7,8
DA:16,5
DA:25,7
LF:4
LH:4
BRF:0
BRH:0
end_of_record
TN:
SF:src/components/Pokemon.js
FN:10,(anonymous_0)
FNF:1
FNH:1
FNDA:62,(anonymous_0)
DA:11,62
DA:12,62
DA:13,62
DA:15,62
DA:38,7
DA:44,7
LF:6
LH:6
BRDA:23,0,0,62
BRDA:23,0,1,54
BRDA:26,1,0,62
BRDA:26,1,1,5
BRF:4
BRH:4
end_of_record
TN:
SF:src/components/PokemonButtonsPanel.js
FN:7,(anonymous_0)
FN:12,(anonymous_1)
FN:17,(anonymous_2)
FN:21,(anonymous_3)
FNF:4
FNH:4
FNDA:51,(anonymous_0)
FNDA:1,(anonymous_1)
FNDA:357,(anonymous_2)
FNDA:10,(anonymous_3)
DA:8,51
DA:9,51
DA:12,1
DA:18,357
DA:21,10
DA:32,7
LF:6
LH:6
BRF:0
BRH:0
end_of_record
TN:
SF:src/components/PokemonData.js
FN:5,(anonymous_0)
FN:18,(anonymous_1)
FNF:2
FNH:2
FNDA:8,(anonymous_0)
FNDA:16,(anonymous_1)
DA:6,8
DA:7,8
DA:9,8
DA:19,16
DA:31,7
LF:5
LH:5
BRF:0
BRH:0
end_of_record
TN:
SF:src/components/index.js
FNF:0
FNH:0
LF:0
LH:0
BRF:0
BRH:0
end_of_record
TN:
SF:src/pages/About.js
FN:5,(anonymous_0)
FNF:1
FNH:1
FNDA:2,(anonymous_0)
DA:6,2
LF:1
LH:1
BRF:0
BRH:0
end_of_record
TN:
SF:src/pages/FavoritePokemon.js
FN:12,(anonymous_0)
FN:24,(anonymous_1)
FNF:2
FNH:2
FNDA:3,(anonymous_0)
FNDA:1,(anonymous_1)
DA:9,6
DA:13,3
DA:14,3
DA:16,3
DA:25,1
DA:35,6
DA:39,6
LF:7
LH:7
BRDA:19,0,0,2
BRDA:19,0,1,1
BRF:2
BRH:2
end_of_record
TN:
SF:src/pages/NotFound.js
FN:5,(anonymous_0)
FNF:1
FNH:1
FNDA:3,(anonymous_0)
DA:6,3
LF:1
LH:1
BRF:0
BRH:0
end_of_record
TN:
SF:src/pages/Pokedex.js
FN:14,(anonymous_0)
FN:19,(anonymous_1)
FN:23,(anonymous_2)
FN:24,(anonymous_3)
FN:29,(anonymous_4)
FN:33,(anonymous_5)
FN:39,(anonymous_6)
FN:42,(anonymous_7)
FN:45,(anonymous_8)
FN:61,(anonymous_9)
FN:66,(anonymous_10)
FNF:11
FNH:11
FNDA:13,(anonymous_0)
FNDA:11,(anonymous_1)
FNDA:26,(anonymous_2)
FNDA:26,(anonymous_3)
FNDA:51,(anonymous_4)
FNDA:459,(anonymous_5)
FNDA:51,(anonymous_6)
FNDA:459,(anonymous_7)
FNDA:51,(anonymous_8)
FNDA:11,(anonymous_9)
FNDA:26,(anonymous_10)
DA:15,13
DA:16,13
DA:20,11
DA:24,26
DA:25,26
DA:30,51
DA:31,51
DA:33,51
DA:34,459
DA:35,162
DA:40,51
DA:42,459
DA:46,51
DA:47,51
DA:48,51
DA:49,51
DA:50,51
DA:52,51
DA:61,11
DA:66,26
DA:76,6
LF:21
LH:21
BRDA:34,0,0,297
BRDA:34,0,1,162
BRF:2
BRH:2
end_of_record
TN:
SF:src/pages/PokemonDetails.js
FN:12,(anonymous_0)
FN:15,(anonymous_1)
FN:18,(anonymous_2)
FN:40,(anonymous_3)
FNF:4
FNH:4
FNDA:8,(anonymous_0)
FNDA:8,(anonymous_1)
FNDA:8,(anonymous_2)
FNDA:5,(anonymous_3)
DA:13,8
DA:15,8
DA:23,8
DA:25,8
DA:26,8
DA:28,8
DA:40,5
DA:48,6
LF:8
LH:8
BRF:0
BRH:0
end_of_record
TN:
SF:src/pages/index.js
FNF:0
FNH:0
LF:0
LH:0
BRF:0
BRH:0
end_of_record
TN:
SF:src/routes/index.js
FN:15,(anonymous_0)
FN:24,(anonymous_1)
FN:33,(anonymous_2)
FN:44,(anonymous_3)
FNF:4
FNH:4
FNDA:18,(anonymous_0)
FNDA:14,(anonymous_1)
FNDA:8,(anonymous_2)
FNDA:1,(anonymous_3)
DA:18,18
DA:19,18
DA:25,14
DA:34,8
DA:44,1
DA:53,3
LF:6
LH:6
BRF:0
BRH:0
end_of_record
TN:
SF:src/services/pokedexService.js
FN:1,(anonymous_0)
FN:5,(anonymous_1)
FN:9,(anonymous_2)
FN:16,(anonymous_3)
FN:18,(anonymous_4)
FN:23,(anonymous_5)
FNF:6
FNH:6
FNDA:23,(anonymous_0)
FNDA:5,(anonymous_1)
FNDA:3,(anonymous_2)
FNDA:2,(anonymous_3)
FNDA:2,(anonymous_4)
FNDA:5,(anonymous_5)
DA:1,3
DA:2,23
DA:5,3
DA:6,5
DA:9,3
DA:10,3
DA:11,3
DA:13,3
DA:16,3
DA:17,2
DA:18,2
DA:20,2
DA:23,3
DA:24,5
LF:14
LH:14
BRDA:2,0,0,23
BRDA:2,0,1,14
BRDA:24,1,0,3
BRDA:24,1,1,2
BRF:4
BRH:4
end_of_record
TN:
SF:src/types/index.js
FNF:0
FNH:0
DA:10,7
DA:12,7
LF:2
LH:2
BRF:0
BRH:0
end_of_record
