{
  "stats": {
    "suites": 15,
    "tests": 49,
    "passes": 35,
    "pending": 0,
    "failures": 14,
    "start": "2022-09-03T18:45:42.009Z",
    "end": "2022-09-03T18:47:10.917Z",
    "duration": 88908,
    "testsRegistered": 49,
    "passPercent": 71.42857142857143,
    "pendingPercent": 0,
    "other": 0,
    "hasOther": false,
    "skipped": 0,
    "hasSkipped": false
  },
  "results": [
    {
      "uuid": "9f660876-5626-453a-a888-cd478d45d0d3",
      "title": "",
      "fullFile": "cypress/integration/project.spec.js",
      "file": "cypress/integration/project.spec.js",
      "beforeHooks": [],
      "afterHooks": [],
      "tests": [],
      "suites": [
        {
          "uuid": "15e468be-14be-49d9-bda8-301cf61b2aa1",
          "title": "1 - Adicione à página o título \"Paleta de Cores\"",
          "fullFile": "",
          "file": "",
          "beforeHooks": [],
          "afterHooks": [],
          "tests": [
            {
              "title": "Verifica se contém um elemento `h1` com o id `title` com o título correto",
              "fullTitle": "1 - Adicione à página o título \"Paleta de Cores\" Verifica se contém um elemento `h1` com o id `title` com o título correto",
              "timedOut": null,
              "duration": 222,
              "state": "passed",
              "speed": "slow",
              "pass": true,
              "fail": false,
              "pending": false,
              "context": null,
              "code": "cy.get('h1#title').should('contain.text', 'Paleta de Cores');",
              "err": {},
              "uuid": "a18f1149-8fd3-4589-bf97-0bd6ea180197",
              "parentUUID": "15e468be-14be-49d9-bda8-301cf61b2aa1",
              "isHook": false,
              "skipped": false
            }
          ],
          "suites": [],
          "passes": [
            "a18f1149-8fd3-4589-bf97-0bd6ea180197"
          ],
          "failures": [],
          "pending": [],
          "skipped": [],
          "duration": 222,
          "root": false,
          "rootEmpty": false,
          "_timeout": 2000
        },
        {
          "uuid": "fb6310b8-1764-410e-9c7b-fedff64d8c49",
          "title": "2 - Adicione à página uma paleta contendo quatro cores distintas",
          "fullFile": "",
          "file": "",
          "beforeHooks": [],
          "afterHooks": [],
          "tests": [
            {
              "title": "A paleta de cores deve ser um elemento com `id` denominado `color-palette` e ter mais de 0px de altura e de largura.",
              "fullTitle": "2 - Adicione à página uma paleta contendo quatro cores distintas A paleta de cores deve ser um elemento com `id` denominado `color-palette` e ter mais de 0px de altura e de largura.",
              "timedOut": null,
              "duration": 81,
              "state": "passed",
              "speed": "slow",
              "pass": true,
              "fail": false,
              "pending": false,
              "context": null,
              "code": "cy.get('#color-palette').should('be.visible');\ncy.get('#color-palette').children('.color');",
              "err": {},
              "uuid": "766f6efd-a493-45f6-b575-28ab9fc18fb6",
              "parentUUID": "fb6310b8-1764-410e-9c7b-fedff64d8c49",
              "isHook": false,
              "skipped": false
            },
            {
              "title": "Verifica se cada cor individual da paleta de cores possui a `classe` chamada `color`.",
              "fullTitle": "2 - Adicione à página uma paleta contendo quatro cores distintas Verifica se cada cor individual da paleta de cores possui a `classe` chamada `color`.",
              "timedOut": null,
              "duration": 96,
              "state": "passed",
              "speed": "slow",
              "pass": true,
              "fail": false,
              "pending": false,
              "context": null,
              "code": "cy.get('.color').should('have.length', 4).then(function (colors) {\n  for (var i = 0; i < colors.length; i++) {\n    cy.wrap(colors[i]).should('be.visible');\n  }\n});",
              "err": {},
              "uuid": "48a93234-1f62-44e0-aa56-329a5131783d",
              "parentUUID": "fb6310b8-1764-410e-9c7b-fedff64d8c49",
              "isHook": false,
              "skipped": false
            },
            {
              "title": "Verifica se a cor de fundo de cada elemento da paleta é a cor que o elemento representa. **A única cor não permitida na paleta é a cor branca.**",
              "fullTitle": "2 - Adicione à página uma paleta contendo quatro cores distintas Verifica se a cor de fundo de cada elemento da paleta é a cor que o elemento representa. **A única cor não permitida na paleta é a cor branca.**",
              "timedOut": null,
              "duration": 100,
              "state": "passed",
              "speed": "slow",
              "pass": true,
              "fail": false,
              "pending": false,
              "context": null,
              "code": "cy.get('.color').each(function (color) {\n  cy.wrap(color).should('have.class', 'color').and('not.have.css', 'background-color', WHITE);\n  cy.wrap(color).should('have.css', 'background-color');\n});",
              "err": {},
              "uuid": "242b23d3-a180-462a-8d92-242f49400cb9",
              "parentUUID": "fb6310b8-1764-410e-9c7b-fedff64d8c49",
              "isHook": false,
              "skipped": false
            },
            {
              "title": "Verifica se cada elemento da paleta de cores tem uma borda preta, sólida e com 1 pixel de largura;",
              "fullTitle": "2 - Adicione à página uma paleta contendo quatro cores distintas Verifica se cada elemento da paleta de cores tem uma borda preta, sólida e com 1 pixel de largura;",
              "timedOut": null,
              "duration": 73,
              "state": "passed",
              "speed": "medium",
              "pass": true,
              "fail": false,
              "pending": false,
              "context": null,
              "code": "cy.get('.color').each(function (color) {\n  cy.wrap(color).and('have.css', 'border', \"1px solid \".concat(BLACK)).and('have.class', 'color');\n});",
              "err": {},
              "uuid": "c92ffc38-19fb-4d8e-947a-1eeb8aa2cdf4",
              "parentUUID": "fb6310b8-1764-410e-9c7b-fedff64d8c49",
              "isHook": false,
              "skipped": false
            },
            {
              "title": "Verifica se a paleta lista todas as cores disponíveis para utilização, lado a lado.",
              "fullTitle": "2 - Adicione à página uma paleta contendo quatro cores distintas Verifica se a paleta lista todas as cores disponíveis para utilização, lado a lado.",
              "timedOut": null,
              "duration": 121,
              "state": "passed",
              "speed": "slow",
              "pass": true,
              "fail": false,
              "pending": false,
              "context": null,
              "code": "cy.get('.color').then(function (colors) {\n  for (var index = 1; index < colors.length; index += 1) {\n    var currentColor = colors[index];\n    var previousColor = colors[index - 1];\n    cy.wrap(currentColor).should('be.onTheRightOf', previousColor).and('be.horizontallyAlignedWith', previousColor);\n  }\n});",
              "err": {},
              "uuid": "67941674-5833-4920-9ac9-457aa6645509",
              "parentUUID": "fb6310b8-1764-410e-9c7b-fedff64d8c49",
              "isHook": false,
              "skipped": false
            },
            {
              "title": "Verifica se a paleta de cores está posicionada abaixo do título 'Paleta de Cores'",
              "fullTitle": "2 - Adicione à página uma paleta contendo quatro cores distintas Verifica se a paleta de cores está posicionada abaixo do título 'Paleta de Cores'",
              "timedOut": null,
              "duration": 92,
              "state": "passed",
              "speed": "slow",
              "pass": true,
              "fail": false,
              "pending": false,
              "context": null,
              "code": "cy.get('h1#title').then(function (title) {\n  cy.get('#color-palette').should('be.belowOf', title);\n});",
              "err": {},
              "uuid": "5d1ffd24-3912-42f6-875b-dfef9112fe73",
              "parentUUID": "fb6310b8-1764-410e-9c7b-fedff64d8c49",
              "isHook": false,
              "skipped": false
            },
            {
              "title": "Verifica se a paleta de cores não contém cores repetidas.",
              "fullTitle": "2 - Adicione à página uma paleta contendo quatro cores distintas Verifica se a paleta de cores não contém cores repetidas.",
              "timedOut": null,
              "duration": 93,
              "state": "passed",
              "speed": "slow",
              "pass": true,
              "fail": false,
              "pending": false,
              "context": null,
              "code": "cy.get('.color').then(function (colors) {\n  var allColors = Array.from(colors).map(function (color) {\n    return Cypress.$(color).css('background-color');\n  });\n  cy.log(allColors);\n  var uniqColors = (0, _toConsumableArray2[\"default\"])(new Set(allColors));\n  cy.log(uniqColors);\n  expect(allColors.length).to.eq(uniqColors.length);\n});",
              "err": {},
              "uuid": "267f14a0-0567-4e71-a14b-266454615a36",
              "parentUUID": "fb6310b8-1764-410e-9c7b-fedff64d8c49",
              "isHook": false,
              "skipped": false
            }
          ],
          "suites": [],
          "passes": [
            "766f6efd-a493-45f6-b575-28ab9fc18fb6",
            "48a93234-1f62-44e0-aa56-329a5131783d",
            "242b23d3-a180-462a-8d92-242f49400cb9",
            "c92ffc38-19fb-4d8e-947a-1eeb8aa2cdf4",
            "67941674-5833-4920-9ac9-457aa6645509",
            "5d1ffd24-3912-42f6-875b-dfef9112fe73",
            "267f14a0-0567-4e71-a14b-266454615a36"
          ],
          "failures": [],
          "pending": [],
          "skipped": [],
          "duration": 656,
          "root": false,
          "rootEmpty": false,
          "_timeout": 2000
        },
        {
          "uuid": "cb20396c-341b-4c47-9170-d78a4c82e366",
          "title": "3 - Adicione a cor **preta** como a primeira cor da paleta de cores",
          "fullFile": "",
          "file": "",
          "beforeHooks": [],
          "afterHooks": [],
          "tests": [
            {
              "title": "Verifica se a primeira cor da paleta é preta",
              "fullTitle": "3 - Adicione a cor **preta** como a primeira cor da paleta de cores Verifica se a primeira cor da paleta é preta",
              "timedOut": null,
              "duration": 101,
              "state": "passed",
              "speed": "slow",
              "pass": true,
              "fail": false,
              "pending": false,
              "context": null,
              "code": "cy.get('.color').first().should('have.css', 'background-color', BLACK);",
              "err": {},
              "uuid": "2f57ac1a-cecc-4b80-b143-d35e099e4c12",
              "parentUUID": "cb20396c-341b-4c47-9170-d78a4c82e366",
              "isHook": false,
              "skipped": false
            },
            {
              "title": "Verifica se as demais cores podem ser escolhidas livremente.",
              "fullTitle": "3 - Adicione a cor **preta** como a primeira cor da paleta de cores Verifica se as demais cores podem ser escolhidas livremente.",
              "timedOut": null,
              "duration": 150,
              "state": "passed",
              "speed": "slow",
              "pass": true,
              "fail": false,
              "pending": false,
              "context": null,
              "code": "cy.get('.color').eq(1).should('not.have.css', 'background-color', BLACK);\ncy.get('.color').eq(1).should('not.have.css', 'background-color', WHITE);\ncy.get('.color').eq(1).should('not.have.css', 'background-color', 'rgba(0, 0, 0, 0)');\ncy.get('.color').eq(1).should('have.css', 'background-color');\ncy.get('.color').eq(2).should('not.have.css', 'background-color', BLACK);\ncy.get('.color').eq(2).should('not.have.css', 'background-color', WHITE);\ncy.get('.color').eq(2).should('not.have.css', 'background-color', 'rgba(0, 0, 0, 0)');\ncy.get('.color').eq(2).should('have.css', 'background-color');\ncy.get('.color').eq(3).should('not.have.css', 'background-color', BLACK);\ncy.get('.color').eq(3).should('not.have.css', 'background-color', WHITE);\ncy.get('.color').eq(3).should('not.have.css', 'background-color', 'rgba(0, 0, 0, 0)');\ncy.get('.color').eq(3).should('have.css', 'background-color');",
              "err": {},
              "uuid": "3d97c98d-361a-4440-b5a5-afae5d4e23ee",
              "parentUUID": "cb20396c-341b-4c47-9170-d78a4c82e366",
              "isHook": false,
              "skipped": false
            }
          ],
          "suites": [],
          "passes": [
            "2f57ac1a-cecc-4b80-b143-d35e099e4c12",
            "3d97c98d-361a-4440-b5a5-afae5d4e23ee"
          ],
          "failures": [],
          "pending": [],
          "skipped": [],
          "duration": 251,
          "root": false,
          "rootEmpty": false,
          "_timeout": 2000
        },
        {
          "uuid": "3c2a1d16-3c11-41d0-a61f-79da2774c7f8",
          "title": "4 - Adicione um botão para gerar cores aleatórias para a paleta de cores",
          "fullFile": "",
          "file": "",
          "beforeHooks": [],
          "afterHooks": [],
          "tests": [
            {
              "title": "O botão deve possuir o `id` denominado `button-random-color`",
              "fullTitle": "4 - Adicione um botão para gerar cores aleatórias para a paleta de cores O botão deve possuir o `id` denominado `button-random-color`",
              "timedOut": null,
              "duration": 74,
              "state": "passed",
              "speed": "medium",
              "pass": true,
              "fail": false,
              "pending": false,
              "context": null,
              "code": "cy.get('#button-random-color').should('be.visible');",
              "err": {},
              "uuid": "8c47da22-e710-48cb-bb1a-1d5990c2ae8a",
              "parentUUID": "3c2a1d16-3c11-41d0-a61f-79da2774c7f8",
              "isHook": false,
              "skipped": false
            },
            {
              "title": "O botão deve possuir o texto `Cores aleatórias`",
              "fullTitle": "4 - Adicione um botão para gerar cores aleatórias para a paleta de cores O botão deve possuir o texto `Cores aleatórias`",
              "timedOut": null,
              "duration": 71,
              "state": "passed",
              "speed": "medium",
              "pass": true,
              "fail": false,
              "pending": false,
              "context": null,
              "code": "cy.get('#button-random-color').contains('Cores aleatórias');",
              "err": {},
              "uuid": "7103059b-1171-4fc5-a7b3-c46458d34a82",
              "parentUUID": "3c2a1d16-3c11-41d0-a61f-79da2774c7f8",
              "isHook": false,
              "skipped": false
            },
            {
              "title": "As cores geradas na paleta são diferentes a cada click do botão.",
              "fullTitle": "4 - Adicione um botão para gerar cores aleatórias para a paleta de cores As cores geradas na paleta são diferentes a cada click do botão.",
              "timedOut": null,
              "duration": 485,
              "state": "passed",
              "speed": "slow",
              "pass": true,
              "fail": false,
              "pending": false,
              "context": null,
              "code": "cy.get('.color').then(function (colors) {\n  var currentColors;\n  var previousColors;\n  previousColors = Array.from(colors).map(function (color) {\n    return Cypress.$(color).css('background-color');\n  });\n  for (var i = 0; i < 5; i += 1) {\n    cy.get('#button-random-color').click();\n    cy.get('.color').then(function (colors) {\n      currentColors = Array.from(colors).map(function (color) {\n        return Cypress.$(color).css('background-color');\n      });\n      expect(currentColors).not.to.deep.equal(previousColors);\n      previousColors = currentColors;\n    });\n  }\n});",
              "err": {},
              "uuid": "8a738346-592b-4d01-9030-7cfaa72bc136",
              "parentUUID": "3c2a1d16-3c11-41d0-a61f-79da2774c7f8",
              "isHook": false,
              "skipped": false
            },
            {
              "title": "A cor preta deve ser a primeira na sua paleta de cores",
              "fullTitle": "4 - Adicione um botão para gerar cores aleatórias para a paleta de cores A cor preta deve ser a primeira na sua paleta de cores",
              "timedOut": null,
              "duration": 468,
              "state": "passed",
              "speed": "slow",
              "pass": true,
              "fail": false,
              "pending": false,
              "context": null,
              "code": "cy.get('.color').then(function (colors) {\n  var currentColors;\n  var previousColors;\n  previousColors = Array.from(colors).map(function (color) {\n    return Cypress.$(color).css('background-color');\n  });\n  expect(previousColors[0]).to.eq(BLACK);\n  for (var i = 0; i < 5; i += 1) {\n    cy.get('#button-random-color').click();\n    cy.get('.color').then(function (colors) {\n      currentColors = Array.from(colors).map(function (color) {\n        return Cypress.$(color).css('background-color');\n      });\n      expect(currentColors[0]).to.eq(BLACK);\n      expect(currentColors).not.to.deep.equal(previousColors);\n      previousColors = currentColors;\n    });\n  }\n});",
              "err": {},
              "uuid": "7312998b-d6b3-4558-ab12-d2f91f650999",
              "parentUUID": "3c2a1d16-3c11-41d0-a61f-79da2774c7f8",
              "isHook": false,
              "skipped": false
            }
          ],
          "suites": [],
          "passes": [
            "8c47da22-e710-48cb-bb1a-1d5990c2ae8a",
            "7103059b-1171-4fc5-a7b3-c46458d34a82",
            "8a738346-592b-4d01-9030-7cfaa72bc136",
            "7312998b-d6b3-4558-ab12-d2f91f650999"
          ],
          "failures": [],
          "pending": [],
          "skipped": [],
          "duration": 1098,
          "root": false,
          "rootEmpty": false,
          "_timeout": 2000
        },
        {
          "uuid": "9bceeb39-bbde-476f-90a2-c1e037ecdd8d",
          "title": "5 - Implemente uma função usando localStorage para que a paleta de cores gerada aleatoriamente seja mantida após recarregar a página",
          "fullFile": "",
          "file": "",
          "beforeHooks": [],
          "afterHooks": [],
          "tests": [
            {
              "title": "A paleta gerada deve ser salva no localStorage com a chave `colorPalette`",
              "fullTitle": "5 - Implemente uma função usando localStorage para que a paleta de cores gerada aleatoriamente seja mantida após recarregar a página A paleta gerada deve ser salva no localStorage com a chave `colorPalette`",
              "timedOut": null,
              "duration": 153,
              "state": "passed",
              "speed": "slow",
              "pass": true,
              "fail": false,
              "pending": false,
              "context": null,
              "code": "cy.get('#button-random-color').click().should(function () {\n  expect(localStorage.getItem('colorPalette')).to.not.equal(null);\n});",
              "err": {},
              "uuid": "a9260a8c-8db2-4a18-adb2-2794948c8fc4",
              "parentUUID": "9bceeb39-bbde-476f-90a2-c1e037ecdd8d",
              "isHook": false,
              "skipped": false
            },
            {
              "title": "A paleta gerada deve ser mantida ao recarregar a página",
              "fullTitle": "5 - Implemente uma função usando localStorage para que a paleta de cores gerada aleatoriamente seja mantida após recarregar a página A paleta gerada deve ser mantida ao recarregar a página",
              "timedOut": null,
              "duration": 150,
              "state": "passed",
              "speed": "slow",
              "pass": true,
              "fail": false,
              "pending": false,
              "context": null,
              "code": "cy.get('#button-random-color').click();\ncy.get('.color').then(function (colors) {\n  var currentColors;\n  var previousColors;\n  previousColors = Array.from(colors).map(function (color) {\n    return Cypress.$(color).css('background-color');\n  });\n  cy.reload();\n  cy.get('.color').then(function (colorsAfter) {\n    currentColors = Array.from(colorsAfter).map(function (colorAfter) {\n      return Cypress.$(colorAfter).css('background-color');\n    });\n    expect(currentColors).to.deep.equal(previousColors);\n  });\n});",
              "err": {},
              "uuid": "cf723aa5-5cdc-47eb-9a26-8a5caa74bf96",
              "parentUUID": "9bceeb39-bbde-476f-90a2-c1e037ecdd8d",
              "isHook": false,
              "skipped": false
            }
          ],
          "suites": [],
          "passes": [
            "a9260a8c-8db2-4a18-adb2-2794948c8fc4",
            "cf723aa5-5cdc-47eb-9a26-8a5caa74bf96"
          ],
          "failures": [],
          "pending": [],
          "skipped": [],
          "duration": 303,
          "root": false,
          "rootEmpty": false,
          "_timeout": 2000
        },
        {
          "uuid": "9387b7d2-2aae-43c9-b575-1347ac79b673",
          "title": "6 - Adicione à página um quadro contendo 25 pixels",
          "fullFile": "",
          "file": "",
          "beforeHooks": [],
          "afterHooks": [],
          "tests": [
            {
              "title": "Verifica se o quadro de pixels possui o `id` denominado `pixel-board`",
              "fullTitle": "6 - Adicione à página um quadro contendo 25 pixels Verifica se o quadro de pixels possui o `id` denominado `pixel-board`",
              "timedOut": null,
              "duration": 54,
              "state": "passed",
              "speed": "medium",
              "pass": true,
              "fail": false,
              "pending": false,
              "context": null,
              "code": "cy.get('#pixel-board').should('be.visible');",
              "err": {},
              "uuid": "69237146-dd0c-4723-bef6-6a7c43a9011a",
              "parentUUID": "9387b7d2-2aae-43c9-b575-1347ac79b673",
              "isHook": false,
              "skipped": false
            },
            {
              "title": "Verifica se cada pixel individual dentro do quadro possui a `classe` denominada `pixel`.",
              "fullTitle": "6 - Adicione à página um quadro contendo 25 pixels Verifica se cada pixel individual dentro do quadro possui a `classe` denominada `pixel`.",
              "timedOut": null,
              "duration": 90,
              "state": "passed",
              "speed": "slow",
              "pass": true,
              "fail": false,
              "pending": false,
              "context": null,
              "code": "cy.get('.pixel').should('have.length', 25);",
              "err": {},
              "uuid": "cadf9a59-af8f-4f2f-a7ea-db5dbeaf72cf",
              "parentUUID": "9387b7d2-2aae-43c9-b575-1347ac79b673",
              "isHook": false,
              "skipped": false
            },
            {
              "title": "Verifica se a cor inicial dos pixels dentro do quadro, ao abrir a página, é branca.",
              "fullTitle": "6 - Adicione à página um quadro contendo 25 pixels Verifica se a cor inicial dos pixels dentro do quadro, ao abrir a página, é branca.",
              "timedOut": null,
              "duration": 131,
              "state": "passed",
              "speed": "slow",
              "pass": true,
              "fail": false,
              "pending": false,
              "context": null,
              "code": "cy.get('.pixel').should('have.length', 25).each(function (pixel) {\n  expect(pixel).to.have.css('background-color', WHITE);\n});",
              "err": {},
              "uuid": "d860b611-ac58-42ed-bab5-5d1dd8e353f8",
              "parentUUID": "9387b7d2-2aae-43c9-b575-1347ac79b673",
              "isHook": false,
              "skipped": false
            },
            {
              "title": "Verifica se o quadro de pixels aparece abaixo da paleta de cores",
              "fullTitle": "6 - Adicione à página um quadro contendo 25 pixels Verifica se o quadro de pixels aparece abaixo da paleta de cores",
              "timedOut": null,
              "duration": 88,
              "state": "passed",
              "speed": "slow",
              "pass": true,
              "fail": false,
              "pending": false,
              "context": null,
              "code": "cy.get('#color-palette').then(function (palette) {\n  cy.get('#pixel-board').should('be.belowOf', palette);\n});",
              "err": {},
              "uuid": "f2f35d5a-9b49-4344-96c3-749a2506e169",
              "parentUUID": "9387b7d2-2aae-43c9-b575-1347ac79b673",
              "isHook": false,
              "skipped": false
            }
          ],
          "suites": [],
          "passes": [
            "69237146-dd0c-4723-bef6-6a7c43a9011a",
            "cadf9a59-af8f-4f2f-a7ea-db5dbeaf72cf",
            "d860b611-ac58-42ed-bab5-5d1dd8e353f8",
            "f2f35d5a-9b49-4344-96c3-749a2506e169"
          ],
          "failures": [],
          "pending": [],
          "skipped": [],
          "duration": 363,
          "root": false,
          "rootEmpty": false,
          "_timeout": 2000
        },
        {
          "uuid": "b1c0a662-eb42-47de-8b89-a127259df9f1",
          "title": "7 - Faça com que cada elemento do quadro de pixels possua 40 pixels de largura, 40 pixels de altura e seja delimitado por uma borda preta de 1 pixel",
          "fullFile": "",
          "file": "",
          "beforeHooks": [],
          "afterHooks": [],
          "tests": [
            {
              "title": "Verifica se o quadro de pixels tem altura e comprimento de 5 elementos",
              "fullTitle": "7 - Faça com que cada elemento do quadro de pixels possua 40 pixels de largura, 40 pixels de altura e seja delimitado por uma borda preta de 1 pixel Verifica se o quadro de pixels tem altura e comprimento de 5 elementos",
              "timedOut": null,
              "duration": 245,
              "state": "passed",
              "speed": "slow",
              "pass": true,
              "fail": false,
              "pending": false,
              "context": null,
              "code": "cy.get('.pixel').should('have.length', 25).each(function (pixel) {\n  expect(pixel).to.have.css('background-color', WHITE);\n}).and(function (pixels) {\n  var rows = chunk(pixels, 5);\n  rows.forEach(function (row) {\n    for (var index = 1; index < row.length; index += 1) {\n      var current = pixels[index];\n      var previous = pixels[index - 1];\n      cy.wrap(current).should('be.onTheRightOf', previous).and('be.horizontallyAlignedWith', previous);\n    }\n  });\n  for (var index = 1; index < 5; index += 1) {\n    expect(pixels[index * 5]).to.be.belowOf(pixels[(index - 1) * 5]);\n  }\n});",
              "err": {},
              "uuid": "e1d25fbf-5782-4754-874c-9d3e38521cad",
              "parentUUID": "b1c0a662-eb42-47de-8b89-a127259df9f1",
              "isHook": false,
              "skipped": false
            },
            {
              "title": "Verifica se 40 pixels é o tamanho total do elemento, incluindo seu conteúdo e excluindo a borda preta, que deve ser criada à parte.",
              "fullTitle": "7 - Faça com que cada elemento do quadro de pixels possua 40 pixels de largura, 40 pixels de altura e seja delimitado por uma borda preta de 1 pixel Verifica se 40 pixels é o tamanho total do elemento, incluindo seu conteúdo e excluindo a borda preta, que deve ser criada à parte.",
              "timedOut": null,
              "duration": 246,
              "state": "passed",
              "speed": "slow",
              "pass": true,
              "fail": false,
              "pending": false,
              "context": null,
              "code": "cy.get('.pixel').each(function (pixel) {\n  cy.wrap(pixel).should('have.css', 'height', '40px').and('have.css', 'width', '40px').and('have.css', 'border', \"1px solid \".concat(BLACK));\n});",
              "err": {},
              "uuid": "a69b0745-a641-4050-af3e-eff92f498354",
              "parentUUID": "b1c0a662-eb42-47de-8b89-a127259df9f1",
              "isHook": false,
              "skipped": false
            }
          ],
          "suites": [],
          "passes": [
            "e1d25fbf-5782-4754-874c-9d3e38521cad",
            "a69b0745-a641-4050-af3e-eff92f498354"
          ],
          "failures": [],
          "pending": [],
          "skipped": [],
          "duration": 491,
          "root": false,
          "rootEmpty": false,
          "_timeout": 2000
        },
        {
          "uuid": "32a9a442-9d9e-4f53-9f4a-4b1b4bd1849f",
          "title": "8 - Defina a cor preta como cor inicial da paleta de cores. Ao carregar a página a cor preta já deve estar selecionada para pintar os pixels",
          "fullFile": "",
          "file": "",
          "beforeHooks": [],
          "afterHooks": [],
          "tests": [
            {
              "title": "Verifica se o elemento da cor preta possui, inicialmente, a `classe` `selected`",
              "fullTitle": "8 - Defina a cor preta como cor inicial da paleta de cores. Ao carregar a página a cor preta já deve estar selecionada para pintar os pixels Verifica se o elemento da cor preta possui, inicialmente, a `classe` `selected`",
              "timedOut": null,
              "duration": 79,
              "state": "passed",
              "speed": "slow",
              "pass": true,
              "fail": false,
              "pending": false,
              "context": null,
              "code": "cy.get('.selected').first().should('have.css', 'background-color', BLACK);",
              "err": {},
              "uuid": "43f01bb5-29a3-482c-be54-b391c7053488",
              "parentUUID": "32a9a442-9d9e-4f53-9f4a-4b1b4bd1849f",
              "isHook": false,
              "skipped": false
            },
            {
              "title": "Verifica se nenhuma outra cor da paleta tem a `classe` `selected`",
              "fullTitle": "8 - Defina a cor preta como cor inicial da paleta de cores. Ao carregar a página a cor preta já deve estar selecionada para pintar os pixels Verifica se nenhuma outra cor da paleta tem a `classe` `selected`",
              "timedOut": null,
              "duration": 85,
              "state": "passed",
              "speed": "slow",
              "pass": true,
              "fail": false,
              "pending": false,
              "context": null,
              "code": "cy.get('.color:not(:first-child)').each(function (color) {\n  cy.wrap(color).should('not.have.class', 'selected');\n});",
              "err": {},
              "uuid": "ecab418d-7c64-428f-a43d-1f547f5d502c",
              "parentUUID": "32a9a442-9d9e-4f53-9f4a-4b1b4bd1849f",
              "isHook": false,
              "skipped": false
            }
          ],
          "suites": [],
          "passes": [
            "43f01bb5-29a3-482c-be54-b391c7053488",
            "ecab418d-7c64-428f-a43d-1f547f5d502c"
          ],
          "failures": [],
          "pending": [],
          "skipped": [],
          "duration": 164,
          "root": false,
          "rootEmpty": false,
          "_timeout": 2000
        },
        {
          "uuid": "86503673-83fe-40de-9e1f-8809b4f8e61c",
          "title": "9 - Crie uma função para selecionar uma cor na paleta de cores e preencher os pixels no quadro",
          "fullFile": "",
          "file": "",
          "beforeHooks": [],
          "afterHooks": [],
          "tests": [
            {
              "title": "Verifica se somente uma cor da paleta de cores tem a classe `selected` de cada vez",
              "fullTitle": "9 - Crie uma função para selecionar uma cor na paleta de cores e preencher os pixels no quadro Verifica se somente uma cor da paleta de cores tem a classe `selected` de cada vez",
              "timedOut": null,
              "duration": 416,
              "state": "passed",
              "speed": "slow",
              "pass": true,
              "fail": false,
              "pending": false,
              "context": null,
              "code": "cy.get('.color').each(function (selectedColor, selectedColorIndex) {\n  cy.wrap(selectedColor).click();\n  cy.get('.color').each(function (color, colorIndex) {\n    if (colorIndex === selectedColorIndex) {\n      expect(color).to.have[\"class\"]('selected');\n    } else {\n      expect(color).not.to.have[\"class\"]('selected');\n    }\n  });\n});",
              "err": {},
              "uuid": "db95d5ae-19eb-496e-833e-d3f53ca32a34",
              "parentUUID": "86503673-83fe-40de-9e1f-8809b4f8e61c",
              "isHook": false,
              "skipped": false
            },
            {
              "title": "Verifica se os pixels dentro do quadro não têm a classe `selected` quando são clicados",
              "fullTitle": "9 - Crie uma função para selecionar uma cor na paleta de cores e preencher os pixels no quadro Verifica se os pixels dentro do quadro não têm a classe `selected` quando são clicados",
              "timedOut": null,
              "duration": 8101,
              "state": "passed",
              "speed": "slow",
              "pass": true,
              "fail": false,
              "pending": false,
              "context": null,
              "code": "cy.get('.color').each(function (color) {\n  var backgroundColor = color.css('background-color');\n  cy.wrap(color).click();\n  cy.get('.pixel').each(function (pixel) {\n    cy.wrap(pixel).click().should('not.have.class', 'selected');\n  });\n});",
              "err": {},
              "uuid": "2a8d07f4-f72c-4064-a422-17c36ba48749",
              "parentUUID": "86503673-83fe-40de-9e1f-8809b4f8e61c",
              "isHook": false,
              "skipped": false
            }
          ],
          "suites": [],
          "passes": [
            "db95d5ae-19eb-496e-833e-d3f53ca32a34",
            "2a8d07f4-f72c-4064-a422-17c36ba48749"
          ],
          "failures": [],
          "pending": [],
          "skipped": [],
          "duration": 8517,
          "root": false,
          "rootEmpty": false,
          "_timeout": 2000
        },
        {
          "uuid": "e68b136e-b8c7-4c1b-a97b-9db64b531012",
          "title": "10 - Crie uma função que permita preencher um pixel do quadro com a cor selecionada na paleta de cores",
          "fullFile": "",
          "file": "",
          "beforeHooks": [],
          "afterHooks": [],
          "tests": [
            {
              "title": "Verifica se ao carregar a página deve ser possível pintar os pixels de preto",
              "fullTitle": "10 - Crie uma função que permita preencher um pixel do quadro com a cor selecionada na paleta de cores Verifica se ao carregar a página deve ser possível pintar os pixels de preto",
              "timedOut": null,
              "duration": 2023,
              "state": "passed",
              "speed": "slow",
              "pass": true,
              "fail": false,
              "pending": false,
              "context": null,
              "code": "cy.get('.pixel').each(function (pixel) {\n  cy.wrap(pixel).click().should('have.css', 'background-color', BLACK);\n});",
              "err": {},
              "uuid": "b46b0d0e-8bcf-4bcf-9a8b-7ace2000c72e",
              "parentUUID": "e68b136e-b8c7-4c1b-a97b-9db64b531012",
              "isHook": false,
              "skipped": false
            },
            {
              "title": "Verifica se após selecionar uma outra cor na paleta, é possível pintar os pixels com essa cor",
              "fullTitle": "10 - Crie uma função que permita preencher um pixel do quadro com a cor selecionada na paleta de cores Verifica se após selecionar uma outra cor na paleta, é possível pintar os pixels com essa cor",
              "timedOut": null,
              "duration": 8149,
              "state": "passed",
              "speed": "slow",
              "pass": true,
              "fail": false,
              "pending": false,
              "context": null,
              "code": "cy.get('.color').each(function (color) {\n  var backgroundColor = color.css('background-color');\n  cy.wrap(color).click();\n  cy.get('.pixel').each(function (pixel) {\n    cy.wrap(pixel).click().should('have.css', 'background-color', backgroundColor);\n  });\n});",
              "err": {},
              "uuid": "db887754-7b8e-4fc8-916f-dbc403e30f7f",
              "parentUUID": "e68b136e-b8c7-4c1b-a97b-9db64b531012",
              "isHook": false,
              "skipped": false
            },
            {
              "title": "Verifica se somente o pixel que foi clicado foi preenchido com a cor selecionada, sem influenciar na cor dos demais pixels.",
              "fullTitle": "10 - Crie uma função que permita preencher um pixel do quadro com a cor selecionada na paleta de cores Verifica se somente o pixel que foi clicado foi preenchido com a cor selecionada, sem influenciar na cor dos demais pixels.",
              "timedOut": null,
              "duration": 1055,
              "state": "passed",
              "speed": "slow",
              "pass": true,
              "fail": false,
              "pending": false,
              "context": null,
              "code": "var colorToPixelIndexMap = {\n  0: 6,\n  1: 8,\n  2: 16,\n  3: 18\n};\ncy.get('.color').each(function (color, index) {\n  cy.wrap(color).click();\n  var backgroundColor = color.css('background-color');\n  var clickedPixelIndex = colorToPixelIndexMap[index];\n  cy.get('.pixel').eq(clickedPixelIndex).click();\n  cy.get('.pixel').eq(clickedPixelIndex - 1).should('not.have.css', 'background-color', backgroundColor);\n  cy.get('.pixel').eq(clickedPixelIndex + 1).should('not.have.css', 'background-color', backgroundColor);\n  cy.get('.pixel').eq(clickedPixelIndex - 5).should('not.have.css', 'background-color', backgroundColor);\n  cy.get('.pixel').eq(clickedPixelIndex + 5).should('not.have.css', 'background-color', backgroundColor);\n  cy.get('.pixel').eq(clickedPixelIndex - 6).should('not.have.css', 'background-color', backgroundColor);\n  cy.get('.pixel').eq(clickedPixelIndex - 4).should('not.have.css', 'background-color', backgroundColor);\n  cy.get('.pixel').eq(clickedPixelIndex + 4).should('not.have.css', 'background-color', backgroundColor);\n  cy.get('.pixel').eq(clickedPixelIndex + 6).should('not.have.css', 'background-color', backgroundColor);\n});",
              "err": {},
              "uuid": "a3947844-f030-45a2-b064-e7ff5d82d144",
              "parentUUID": "e68b136e-b8c7-4c1b-a97b-9db64b531012",
              "isHook": false,
              "skipped": false
            }
          ],
          "suites": [],
          "passes": [
            "b46b0d0e-8bcf-4bcf-9a8b-7ace2000c72e",
            "db887754-7b8e-4fc8-916f-dbc403e30f7f",
            "a3947844-f030-45a2-b064-e7ff5d82d144"
          ],
          "failures": [],
          "pending": [],
          "skipped": [],
          "duration": 11227,
          "root": false,
          "rootEmpty": false,
          "_timeout": 2000
        },
        {
          "uuid": "000757ed-e7ac-4c93-8b6b-0f4b17ed4c9f",
          "title": "11 - Crie um botão que, ao ser clicado, limpa o quadro preenchendo a cor de todos seus pixels com branco",
          "fullFile": "",
          "file": "",
          "beforeHooks": [],
          "afterHooks": [],
          "tests": [
            {
              "title": "Verifica se o botão tem o `id` denominado `clear-board`",
              "fullTitle": "11 - Crie um botão que, ao ser clicado, limpa o quadro preenchendo a cor de todos seus pixels com branco Verifica se o botão tem o `id` denominado `clear-board`",
              "timedOut": null,
              "duration": 97,
              "state": "passed",
              "speed": "slow",
              "pass": true,
              "fail": false,
              "pending": false,
              "context": null,
              "code": "cy.get('#clear-board').should('be.visible');",
              "err": {},
              "uuid": "1a9dbb4d-dc36-42d8-8705-c1db6c644bf5",
              "parentUUID": "000757ed-e7ac-4c93-8b6b-0f4b17ed4c9f",
              "isHook": false,
              "skipped": false
            },
            {
              "title": "Verifica se o botão está posicionado entre a paleta de cores e o quadro de pixels",
              "fullTitle": "11 - Crie um botão que, ao ser clicado, limpa o quadro preenchendo a cor de todos seus pixels com branco Verifica se o botão está posicionado entre a paleta de cores e o quadro de pixels",
              "timedOut": null,
              "duration": 72,
              "state": "passed",
              "speed": "medium",
              "pass": true,
              "fail": false,
              "pending": false,
              "context": null,
              "code": "cy.get('#color-palette').then(function (palette) {\n  cy.get('#clear-board').should('be.belowOf', palette);\n});\ncy.get('#clear-board').then(function (clearBtn) {\n  cy.get('#pixel-board').should('be.belowOf', clearBtn);\n});",
              "err": {},
              "uuid": "3cecdc66-60f7-423b-93c5-84bae506fd55",
              "parentUUID": "000757ed-e7ac-4c93-8b6b-0f4b17ed4c9f",
              "isHook": false,
              "skipped": false
            },
            {
              "title": "Verifica se o texto do botão é 'Limpar'",
              "fullTitle": "11 - Crie um botão que, ao ser clicado, limpa o quadro preenchendo a cor de todos seus pixels com branco Verifica se o texto do botão é 'Limpar'",
              "timedOut": null,
              "duration": 59,
              "state": "passed",
              "speed": "medium",
              "pass": true,
              "fail": false,
              "pending": false,
              "context": null,
              "code": "cy.get('#clear-board').should('contain.text', 'Limpar');",
              "err": {},
              "uuid": "ae04b8b8-73ae-40c8-9ae3-d184f1f70f59",
              "parentUUID": "000757ed-e7ac-4c93-8b6b-0f4b17ed4c9f",
              "isHook": false,
              "skipped": false
            },
            {
              "title": "Verifica se ao clicar no botão, o quadro de pixels é totalmente preenchido de branco",
              "fullTitle": "11 - Crie um botão que, ao ser clicado, limpa o quadro preenchendo a cor de todos seus pixels com branco Verifica se ao clicar no botão, o quadro de pixels é totalmente preenchido de branco",
              "timedOut": null,
              "duration": 2148,
              "state": "passed",
              "speed": "slow",
              "pass": true,
              "fail": false,
              "pending": false,
              "context": null,
              "code": "cy.get('.color').eq(1).then(function (color) {\n  var backgroundColor = color.css('background-color');\n  cy.wrap(color).click();\n  cy.get('.pixel').each(function (pixel) {\n    cy.wrap(pixel).click().should('have.css', 'background-color', backgroundColor);\n  });\n});\ncy.get('#clear-board').click();\ncy.get('.pixel').each(function (pixel) {\n  cy.wrap(pixel).should('have.css', 'background-color', WHITE);\n});",
              "err": {},
              "uuid": "5dbb6681-74a9-4516-8493-9e1ec35585bb",
              "parentUUID": "000757ed-e7ac-4c93-8b6b-0f4b17ed4c9f",
              "isHook": false,
              "skipped": false
            }
          ],
          "suites": [],
          "passes": [
            "1a9dbb4d-dc36-42d8-8705-c1db6c644bf5",
            "3cecdc66-60f7-423b-93c5-84bae506fd55",
            "ae04b8b8-73ae-40c8-9ae3-d184f1f70f59",
            "5dbb6681-74a9-4516-8493-9e1ec35585bb"
          ],
          "failures": [],
          "pending": [],
          "skipped": [],
          "duration": 2376,
          "root": false,
          "rootEmpty": false,
          "_timeout": 2000
        },
        {
          "uuid": "c5bb0c6f-2738-452e-b004-3eec403be11e",
          "title": "12 - Crie uma função para salvar e recuperar o seu desenho atual no localStorage",
          "fullFile": "",
          "file": "",
          "beforeHooks": [],
          "afterHooks": [],
          "tests": [
            {
              "title": "Os pixels pintados devem ser salvos no localStorage com a chave `pixelBoard`",
              "fullTitle": "12 - Crie uma função para salvar e recuperar o seu desenho atual no localStorage Os pixels pintados devem ser salvos no localStorage com a chave `pixelBoard`",
              "timedOut": null,
              "duration": 184,
              "state": "passed",
              "speed": "slow",
              "pass": true,
              "fail": false,
              "pending": false,
              "context": null,
              "code": "cy.get('.pixel:first').click().then(function () {\n  var pixelboard = localStorage.getItem('pixelBoard');\n  expect(pixelboard).to.not.equal(null);\n});",
              "err": {},
              "uuid": "7fe7cb09-726d-4112-b902-dbc340c47fdb",
              "parentUUID": "c5bb0c6f-2738-452e-b004-3eec403be11e",
              "isHook": false,
              "skipped": false
            },
            {
              "title": "O quadro deve ser preenchido com as mesmas cores utilizadas anteriormente, nas posições corretas ao recarregar a página",
              "fullTitle": "12 - Crie uma função para salvar e recuperar o seu desenho atual no localStorage O quadro deve ser preenchido com as mesmas cores utilizadas anteriormente, nas posições corretas ao recarregar a página",
              "timedOut": null,
              "duration": 846,
              "state": "passed",
              "speed": "slow",
              "pass": true,
              "fail": false,
              "pending": false,
              "context": null,
              "code": "cy.get('.color').each(function (color, index) {\n  if (index === 2) {\n    cy.wrap(color).click();\n    var backgroundColor = color.css('background-color');\n    var clickedPixelsIndex = [2, 7, 10, 11, 12, 13, 14, 17, 22];\n    cy.get('.pixel').each(function (pixel, index) {\n      clickedPixelsIndex.forEach(function (pixelIndex) {\n        if (index === pixelIndex) cy.wrap(pixel).click();\n      });\n    });\n    cy.reload();\n    cy.get('.pixel').each(function (pixel, index) {\n      clickedPixelsIndex.forEach(function (pixelIndex) {\n        if (index === pixelIndex) cy.wrap(pixel).should('have.css', 'background-color', backgroundColor);\n      });\n    });\n  }\n});",
              "err": {},
              "uuid": "72143b5c-a381-4066-be65-b3904eb22640",
              "parentUUID": "c5bb0c6f-2738-452e-b004-3eec403be11e",
              "isHook": false,
              "skipped": false
            }
          ],
          "suites": [],
          "passes": [
            "7fe7cb09-726d-4112-b902-dbc340c47fdb",
            "72143b5c-a381-4066-be65-b3904eb22640"
          ],
          "failures": [],
          "pending": [],
          "skipped": [],
          "duration": 1030,
          "root": false,
          "rootEmpty": false,
          "_timeout": 2000
        },
        {
          "uuid": "dc3f5e39-6168-4dbc-9f2f-44610e560a0e",
          "title": "13 - Crie um input que permita à pessoa usuária preencher um novo tamanho para o quadro de pixels",
          "fullFile": "",
          "file": "",
          "beforeHooks": [],
          "afterHooks": [],
          "tests": [
            {
              "title": "Verifica se existe um input com o id `board-size`",
              "fullTitle": "13 - Crie um input que permita à pessoa usuária preencher um novo tamanho para o quadro de pixels Verifica se existe um input com o id `board-size`",
              "timedOut": null,
              "duration": 4433,
              "state": "failed",
              "speed": null,
              "pass": false,
              "fail": true,
              "pending": false,
              "context": null,
              "code": "cy.get('#board-size').should('be.visible');",
              "err": {
                "message": "CypressError: Timed out retrying: Expected to find element: '#board-size', but never found it.",
                "estack": "CypressError: Timed out retrying: Expected to find element: '#board-size', but never found it.\n    at cypressErr (http://localhost:52602/__cypress/runner/cypress_runner.js:149934:9)\n    at throwErr (http://localhost:52602/__cypress/runner/cypress_runner.js:149867:11)\n    at Object.throwErrByPath (http://localhost:52602/__cypress/runner/cypress_runner.js:149915:3)\n    at retry (http://localhost:52602/__cypress/runner/cypress_runner.js:144197:19)\n    at onFailFn (http://localhost:52602/__cypress/runner/cypress_runner.js:132448:16)\n    at tryCatcher (http://localhost:52602/__cypress/runner/cypress_runner.js:167415:23)\n    at Promise._settlePromiseFromHandler (http://localhost:52602/__cypress/runner/cypress_runner.js:165351:31)\n    at Promise._settlePromise (http://localhost:52602/__cypress/runner/cypress_runner.js:165408:18)\n    at Promise._settlePromise0 (http://localhost:52602/__cypress/runner/cypress_runner.js:165453:10)\n    at Promise._settlePromises (http://localhost:52602/__cypress/runner/cypress_runner.js:165528:18)\n    at Async../node_modules/bluebird/js/release/async.js.Async._drainQueue (http://localhost:52602/__cypress/runner/cypress_runner.js:162140:16)\n    at Async../node_modules/bluebird/js/release/async.js.Async._drainQueues (http://localhost:52602/__cypress/runner/cypress_runner.js:162150:10)\n    at Async.drainQueues (http://localhost:52602/__cypress/runner/cypress_runner.js:162024:14)",
                "diff": null
              },
              "uuid": "d0e03d97-81a0-414c-b705-fbf198c8ff25",
              "parentUUID": "dc3f5e39-6168-4dbc-9f2f-44610e560a0e",
              "isHook": false,
              "skipped": false
            },
            {
              "title": "Verifica se existe um botão com o id `generate-board`",
              "fullTitle": "13 - Crie um input que permita à pessoa usuária preencher um novo tamanho para o quadro de pixels Verifica se existe um botão com o id `generate-board`",
              "timedOut": null,
              "duration": 4378,
              "state": "failed",
              "speed": null,
              "pass": false,
              "fail": true,
              "pending": false,
              "context": null,
              "code": "cy.get('#generate-board').should('be.visible');",
              "err": {
                "message": "CypressError: Timed out retrying: Expected to find element: '#generate-board', but never found it.",
                "estack": "CypressError: Timed out retrying: Expected to find element: '#generate-board', but never found it.\n    at cypressErr (http://localhost:52602/__cypress/runner/cypress_runner.js:149934:9)\n    at throwErr (http://localhost:52602/__cypress/runner/cypress_runner.js:149867:11)\n    at Object.throwErrByPath (http://localhost:52602/__cypress/runner/cypress_runner.js:149915:3)\n    at retry (http://localhost:52602/__cypress/runner/cypress_runner.js:144197:19)\n    at onFailFn (http://localhost:52602/__cypress/runner/cypress_runner.js:132448:16)\n    at tryCatcher (http://localhost:52602/__cypress/runner/cypress_runner.js:167415:23)\n    at Promise._settlePromiseFromHandler (http://localhost:52602/__cypress/runner/cypress_runner.js:165351:31)\n    at Promise._settlePromise (http://localhost:52602/__cypress/runner/cypress_runner.js:165408:18)\n    at Promise._settlePromise0 (http://localhost:52602/__cypress/runner/cypress_runner.js:165453:10)\n    at Promise._settlePromises (http://localhost:52602/__cypress/runner/cypress_runner.js:165528:18)\n    at Async../node_modules/bluebird/js/release/async.js.Async._drainQueue (http://localhost:52602/__cypress/runner/cypress_runner.js:162140:16)\n    at Async../node_modules/bluebird/js/release/async.js.Async._drainQueues (http://localhost:52602/__cypress/runner/cypress_runner.js:162150:10)\n    at Async.drainQueues (http://localhost:52602/__cypress/runner/cypress_runner.js:162024:14)",
                "diff": null
              },
              "uuid": "be0afdc8-8310-4724-b3a2-cd9a7c8bb971",
              "parentUUID": "dc3f5e39-6168-4dbc-9f2f-44610e560a0e",
              "isHook": false,
              "skipped": false
            },
            {
              "title": "Verifica se o input só aceita número maiores que zero. Essa restrição deve ser feita usando os atributos do elemento `input`",
              "fullTitle": "13 - Crie um input que permita à pessoa usuária preencher um novo tamanho para o quadro de pixels Verifica se o input só aceita número maiores que zero. Essa restrição deve ser feita usando os atributos do elemento `input`",
              "timedOut": null,
              "duration": 4377,
              "state": "failed",
              "speed": null,
              "pass": false,
              "fail": true,
              "pending": false,
              "context": null,
              "code": "cy.get('#board-size[type=\\'number\\'][min=\\'1\\']');",
              "err": {
                "message": "CypressError: Timed out retrying: Expected to find element: '#board-size[type='number'][min='1']', but never found it.",
                "estack": "CypressError: Timed out retrying: Expected to find element: '#board-size[type='number'][min='1']', but never found it.\n    at cypressErr (http://localhost:52602/__cypress/runner/cypress_runner.js:149934:9)\n    at throwErr (http://localhost:52602/__cypress/runner/cypress_runner.js:149867:11)\n    at Object.throwErrByPath (http://localhost:52602/__cypress/runner/cypress_runner.js:149915:3)\n    at retry (http://localhost:52602/__cypress/runner/cypress_runner.js:144197:19)\n    at onFailFn (http://localhost:52602/__cypress/runner/cypress_runner.js:132448:16)\n    at tryCatcher (http://localhost:52602/__cypress/runner/cypress_runner.js:167415:23)\n    at Promise._settlePromiseFromHandler (http://localhost:52602/__cypress/runner/cypress_runner.js:165351:31)\n    at Promise._settlePromise (http://localhost:52602/__cypress/runner/cypress_runner.js:165408:18)\n    at Promise._settlePromise0 (http://localhost:52602/__cypress/runner/cypress_runner.js:165453:10)\n    at Promise._settlePromises (http://localhost:52602/__cypress/runner/cypress_runner.js:165528:18)\n    at Async../node_modules/bluebird/js/release/async.js.Async._drainQueue (http://localhost:52602/__cypress/runner/cypress_runner.js:162140:16)\n    at Async../node_modules/bluebird/js/release/async.js.Async._drainQueues (http://localhost:52602/__cypress/runner/cypress_runner.js:162150:10)\n    at Async.drainQueues (http://localhost:52602/__cypress/runner/cypress_runner.js:162024:14)",
                "diff": null
              },
              "uuid": "ac68b1ce-3ec9-4089-ac14-c7475076f8e4",
              "parentUUID": "dc3f5e39-6168-4dbc-9f2f-44610e560a0e",
              "isHook": false,
              "skipped": false
            },
            {
              "title": "Verifica se o botão contém o texto 'VQV'",
              "fullTitle": "13 - Crie um input que permita à pessoa usuária preencher um novo tamanho para o quadro de pixels Verifica se o botão contém o texto 'VQV'",
              "timedOut": null,
              "duration": 4354,
              "state": "failed",
              "speed": null,
              "pass": false,
              "fail": true,
              "pending": false,
              "context": null,
              "code": "cy.get('#generate-board').contains(/vqv/i);",
              "err": {
                "message": "CypressError: Timed out retrying: Expected to find element: '#generate-board', but never found it.",
                "estack": "CypressError: Timed out retrying: Expected to find element: '#generate-board', but never found it.\n    at cypressErr (http://localhost:52602/__cypress/runner/cypress_runner.js:149934:9)\n    at throwErr (http://localhost:52602/__cypress/runner/cypress_runner.js:149867:11)\n    at Object.throwErrByPath (http://localhost:52602/__cypress/runner/cypress_runner.js:149915:3)\n    at retry (http://localhost:52602/__cypress/runner/cypress_runner.js:144197:19)\n    at onFailFn (http://localhost:52602/__cypress/runner/cypress_runner.js:132448:16)\n    at tryCatcher (http://localhost:52602/__cypress/runner/cypress_runner.js:167415:23)\n    at Promise._settlePromiseFromHandler (http://localhost:52602/__cypress/runner/cypress_runner.js:165351:31)\n    at Promise._settlePromise (http://localhost:52602/__cypress/runner/cypress_runner.js:165408:18)\n    at Promise._settlePromise0 (http://localhost:52602/__cypress/runner/cypress_runner.js:165453:10)\n    at Promise._settlePromises (http://localhost:52602/__cypress/runner/cypress_runner.js:165528:18)\n    at Async../node_modules/bluebird/js/release/async.js.Async._drainQueue (http://localhost:52602/__cypress/runner/cypress_runner.js:162140:16)\n    at Async../node_modules/bluebird/js/release/async.js.Async._drainQueues (http://localhost:52602/__cypress/runner/cypress_runner.js:162150:10)\n    at Async.drainQueues (http://localhost:52602/__cypress/runner/cypress_runner.js:162024:14)",
                "diff": null
              },
              "uuid": "0c10a89a-8d12-4322-be6a-4dc3e5506e53",
              "parentUUID": "dc3f5e39-6168-4dbc-9f2f-44610e560a0e",
              "isHook": false,
              "skipped": false
            },
            {
              "title": "Verifica se o input está posicionado entre a paleta de cores e o quadro de pixels",
              "fullTitle": "13 - Crie um input que permita à pessoa usuária preencher um novo tamanho para o quadro de pixels Verifica se o input está posicionado entre a paleta de cores e o quadro de pixels",
              "timedOut": null,
              "duration": 4375,
              "state": "failed",
              "speed": null,
              "pass": false,
              "fail": true,
              "pending": false,
              "context": null,
              "code": "cy.get('#color-palette').then(function (palette) {\n  cy.get('#board-size').should('be.belowOf', palette);\n});\ncy.get('#board-size').then(function (palette) {\n  cy.get('#pixel-board').should('be.belowOf', palette);\n});",
              "err": {
                "message": "CypressError: Timed out retrying: Expected to find element: '#board-size', but never found it.",
                "estack": "CypressError: Timed out retrying: Expected to find element: '#board-size', but never found it.\n    at cypressErr (http://localhost:52602/__cypress/runner/cypress_runner.js:149934:9)\n    at throwErr (http://localhost:52602/__cypress/runner/cypress_runner.js:149867:11)\n    at Object.throwErrByPath (http://localhost:52602/__cypress/runner/cypress_runner.js:149915:3)\n    at retry (http://localhost:52602/__cypress/runner/cypress_runner.js:144197:19)\n    at onFailFn (http://localhost:52602/__cypress/runner/cypress_runner.js:132448:16)\n    at tryCatcher (http://localhost:52602/__cypress/runner/cypress_runner.js:167415:23)\n    at Promise._settlePromiseFromHandler (http://localhost:52602/__cypress/runner/cypress_runner.js:165351:31)\n    at Promise._settlePromise (http://localhost:52602/__cypress/runner/cypress_runner.js:165408:18)\n    at Promise._settlePromise0 (http://localhost:52602/__cypress/runner/cypress_runner.js:165453:10)\n    at Promise._settlePromises (http://localhost:52602/__cypress/runner/cypress_runner.js:165528:18)\n    at Async../node_modules/bluebird/js/release/async.js.Async._drainQueue (http://localhost:52602/__cypress/runner/cypress_runner.js:162140:16)\n    at Async../node_modules/bluebird/js/release/async.js.Async._drainQueues (http://localhost:52602/__cypress/runner/cypress_runner.js:162150:10)\n    at Async.drainQueues (http://localhost:52602/__cypress/runner/cypress_runner.js:162024:14)",
                "diff": null
              },
              "uuid": "98f29976-9bac-46f3-8a8a-2c794332a3eb",
              "parentUUID": "dc3f5e39-6168-4dbc-9f2f-44610e560a0e",
              "isHook": false,
              "skipped": false
            },
            {
              "title": "Verifica se o botão está posicionado ao lado do input",
              "fullTitle": "13 - Crie um input que permita à pessoa usuária preencher um novo tamanho para o quadro de pixels Verifica se o botão está posicionado ao lado do input",
              "timedOut": null,
              "duration": 4393,
              "state": "failed",
              "speed": null,
              "pass": false,
              "fail": true,
              "pending": false,
              "context": null,
              "code": "cy.get('#board-size').then(function (board) {\n  cy.get('#generate-board').should('be.onTheRightOf', board);\n});",
              "err": {
                "message": "CypressError: Timed out retrying: Expected to find element: '#board-size', but never found it.",
                "estack": "CypressError: Timed out retrying: Expected to find element: '#board-size', but never found it.\n    at cypressErr (http://localhost:52602/__cypress/runner/cypress_runner.js:149934:9)\n    at throwErr (http://localhost:52602/__cypress/runner/cypress_runner.js:149867:11)\n    at Object.throwErrByPath (http://localhost:52602/__cypress/runner/cypress_runner.js:149915:3)\n    at retry (http://localhost:52602/__cypress/runner/cypress_runner.js:144197:19)\n    at onFailFn (http://localhost:52602/__cypress/runner/cypress_runner.js:132448:16)\n    at tryCatcher (http://localhost:52602/__cypress/runner/cypress_runner.js:167415:23)\n    at Promise._settlePromiseFromHandler (http://localhost:52602/__cypress/runner/cypress_runner.js:165351:31)\n    at Promise._settlePromise (http://localhost:52602/__cypress/runner/cypress_runner.js:165408:18)\n    at Promise._settlePromise0 (http://localhost:52602/__cypress/runner/cypress_runner.js:165453:10)\n    at Promise._settlePromises (http://localhost:52602/__cypress/runner/cypress_runner.js:165528:18)\n    at Async../node_modules/bluebird/js/release/async.js.Async._drainQueue (http://localhost:52602/__cypress/runner/cypress_runner.js:162140:16)\n    at Async../node_modules/bluebird/js/release/async.js.Async._drainQueues (http://localhost:52602/__cypress/runner/cypress_runner.js:162150:10)\n    at Async.drainQueues (http://localhost:52602/__cypress/runner/cypress_runner.js:162024:14)",
                "diff": null
              },
              "uuid": "cc3e3ab9-664f-4bba-89d1-9001913ffe9f",
              "parentUUID": "dc3f5e39-6168-4dbc-9f2f-44610e560a0e",
              "isHook": false,
              "skipped": false
            },
            {
              "title": "Verifica se nenhum valor for colocado no input ao clicar no botão, um `alert` é exibido com o texto: 'Board inválido!'",
              "fullTitle": "13 - Crie um input que permita à pessoa usuária preencher um novo tamanho para o quadro de pixels Verifica se nenhum valor for colocado no input ao clicar no botão, um `alert` é exibido com o texto: 'Board inválido!'",
              "timedOut": null,
              "duration": 4417,
              "state": "failed",
              "speed": null,
              "pass": false,
              "fail": true,
              "pending": false,
              "context": null,
              "code": "var alerted = false;\ncy.on('window:alert', function (msg) {\n  return alerted = msg;\n});\ncy.get('#generate-board').click().then(function () {\n  return expect(alerted).to.match(/Board inválido!/i);\n});",
              "err": {
                "message": "CypressError: Timed out retrying: Expected to find element: '#generate-board', but never found it.",
                "estack": "CypressError: Timed out retrying: Expected to find element: '#generate-board', but never found it.\n    at cypressErr (http://localhost:52602/__cypress/runner/cypress_runner.js:149934:9)\n    at throwErr (http://localhost:52602/__cypress/runner/cypress_runner.js:149867:11)\n    at Object.throwErrByPath (http://localhost:52602/__cypress/runner/cypress_runner.js:149915:3)\n    at retry (http://localhost:52602/__cypress/runner/cypress_runner.js:144197:19)\n    at onFailFn (http://localhost:52602/__cypress/runner/cypress_runner.js:132448:16)\n    at tryCatcher (http://localhost:52602/__cypress/runner/cypress_runner.js:167415:23)\n    at Promise._settlePromiseFromHandler (http://localhost:52602/__cypress/runner/cypress_runner.js:165351:31)\n    at Promise._settlePromise (http://localhost:52602/__cypress/runner/cypress_runner.js:165408:18)\n    at Promise._settlePromise0 (http://localhost:52602/__cypress/runner/cypress_runner.js:165453:10)\n    at Promise._settlePromises (http://localhost:52602/__cypress/runner/cypress_runner.js:165528:18)\n    at Async../node_modules/bluebird/js/release/async.js.Async._drainQueue (http://localhost:52602/__cypress/runner/cypress_runner.js:162140:16)\n    at Async../node_modules/bluebird/js/release/async.js.Async._drainQueues (http://localhost:52602/__cypress/runner/cypress_runner.js:162150:10)\n    at Async.drainQueues (http://localhost:52602/__cypress/runner/cypress_runner.js:162024:14)",
                "diff": null
              },
              "uuid": "8256fdbb-8385-4983-8931-95859c4241d5",
              "parentUUID": "dc3f5e39-6168-4dbc-9f2f-44610e560a0e",
              "isHook": false,
              "skipped": false
            },
            {
              "title": "Verifica se ao clicar no botão com um valor preenchido, o tamanho do board muda.",
              "fullTitle": "13 - Crie um input que permita à pessoa usuária preencher um novo tamanho para o quadro de pixels Verifica se ao clicar no botão com um valor preenchido, o tamanho do board muda.",
              "timedOut": null,
              "duration": 4378,
              "state": "failed",
              "speed": null,
              "pass": false,
              "fail": true,
              "pending": false,
              "context": null,
              "code": "cy.get('#board-size').clear().type(10);\ncy.get('#generate-board').click();\ncy.get('.pixel').should('have.length', 100);",
              "err": {
                "message": "CypressError: Timed out retrying: Expected to find element: '#board-size', but never found it.",
                "estack": "CypressError: Timed out retrying: Expected to find element: '#board-size', but never found it.\n    at cypressErr (http://localhost:52602/__cypress/runner/cypress_runner.js:149934:9)\n    at throwErr (http://localhost:52602/__cypress/runner/cypress_runner.js:149867:11)\n    at Object.throwErrByPath (http://localhost:52602/__cypress/runner/cypress_runner.js:149915:3)\n    at retry (http://localhost:52602/__cypress/runner/cypress_runner.js:144197:19)\n    at onFailFn (http://localhost:52602/__cypress/runner/cypress_runner.js:132448:16)\n    at tryCatcher (http://localhost:52602/__cypress/runner/cypress_runner.js:167415:23)\n    at Promise._settlePromiseFromHandler (http://localhost:52602/__cypress/runner/cypress_runner.js:165351:31)\n    at Promise._settlePromise (http://localhost:52602/__cypress/runner/cypress_runner.js:165408:18)\n    at Promise._settlePromise0 (http://localhost:52602/__cypress/runner/cypress_runner.js:165453:10)\n    at Promise._settlePromises (http://localhost:52602/__cypress/runner/cypress_runner.js:165528:18)\n    at Async../node_modules/bluebird/js/release/async.js.Async._drainQueue (http://localhost:52602/__cypress/runner/cypress_runner.js:162140:16)\n    at Async../node_modules/bluebird/js/release/async.js.Async._drainQueues (http://localhost:52602/__cypress/runner/cypress_runner.js:162150:10)\n    at Async.drainQueues (http://localhost:52602/__cypress/runner/cypress_runner.js:162024:14)",
                "diff": null
              },
              "uuid": "62216023-9610-4227-8659-f81764c586bd",
              "parentUUID": "dc3f5e39-6168-4dbc-9f2f-44610e560a0e",
              "isHook": false,
              "skipped": false
            },
            {
              "title": "Verifica se o novo quadro tem todos os pixels preenchidos com a cor branca",
              "fullTitle": "13 - Crie um input que permita à pessoa usuária preencher um novo tamanho para o quadro de pixels Verifica se o novo quadro tem todos os pixels preenchidos com a cor branca",
              "timedOut": null,
              "duration": 4389,
              "state": "failed",
              "speed": null,
              "pass": false,
              "fail": true,
              "pending": false,
              "context": null,
              "code": "cy.get('#board-size').clear().type(6);\ncy.get('#generate-board').click();\ncy.get('.pixel').should('have.length', 36).each(function (pixel) {\n  expect(pixel).to.have.css('background-color', WHITE);\n});",
              "err": {
                "message": "CypressError: Timed out retrying: Expected to find element: '#board-size', but never found it.",
                "estack": "CypressError: Timed out retrying: Expected to find element: '#board-size', but never found it.\n    at cypressErr (http://localhost:52602/__cypress/runner/cypress_runner.js:149934:9)\n    at throwErr (http://localhost:52602/__cypress/runner/cypress_runner.js:149867:11)\n    at Object.throwErrByPath (http://localhost:52602/__cypress/runner/cypress_runner.js:149915:3)\n    at retry (http://localhost:52602/__cypress/runner/cypress_runner.js:144197:19)\n    at onFailFn (http://localhost:52602/__cypress/runner/cypress_runner.js:132448:16)\n    at tryCatcher (http://localhost:52602/__cypress/runner/cypress_runner.js:167415:23)\n    at Promise._settlePromiseFromHandler (http://localhost:52602/__cypress/runner/cypress_runner.js:165351:31)\n    at Promise._settlePromise (http://localhost:52602/__cypress/runner/cypress_runner.js:165408:18)\n    at Promise._settlePromise0 (http://localhost:52602/__cypress/runner/cypress_runner.js:165453:10)\n    at Promise._settlePromises (http://localhost:52602/__cypress/runner/cypress_runner.js:165528:18)\n    at Async../node_modules/bluebird/js/release/async.js.Async._drainQueue (http://localhost:52602/__cypress/runner/cypress_runner.js:162140:16)\n    at Async../node_modules/bluebird/js/release/async.js.Async._drainQueues (http://localhost:52602/__cypress/runner/cypress_runner.js:162150:10)\n    at Async.drainQueues (http://localhost:52602/__cypress/runner/cypress_runner.js:162024:14)",
                "diff": null
              },
              "uuid": "62bc98be-3a52-48c4-936a-3f38c1b062f0",
              "parentUUID": "dc3f5e39-6168-4dbc-9f2f-44610e560a0e",
              "isHook": false,
              "skipped": false
            }
          ],
          "suites": [],
          "passes": [],
          "failures": [
            "d0e03d97-81a0-414c-b705-fbf198c8ff25",
            "be0afdc8-8310-4724-b3a2-cd9a7c8bb971",
            "ac68b1ce-3ec9-4089-ac14-c7475076f8e4",
            "0c10a89a-8d12-4322-be6a-4dc3e5506e53",
            "98f29976-9bac-46f3-8a8a-2c794332a3eb",
            "cc3e3ab9-664f-4bba-89d1-9001913ffe9f",
            "8256fdbb-8385-4983-8931-95859c4241d5",
            "62216023-9610-4227-8659-f81764c586bd",
            "62bc98be-3a52-48c4-936a-3f38c1b062f0"
          ],
          "pending": [],
          "skipped": [],
          "duration": 39494,
          "root": false,
          "rootEmpty": false,
          "_timeout": 2000
        },
        {
          "uuid": "9a8270cd-50aa-4954-9462-c4422223a253",
          "title": "14 - Crie uma função que limite o tamanho mínimo e máximo do quadro de pixels",
          "fullFile": "",
          "file": "",
          "beforeHooks": [],
          "afterHooks": [],
          "tests": [
            {
              "title": "Verifica se a altura máxima do board é 50",
              "fullTitle": "14 - Crie uma função que limite o tamanho mínimo e máximo do quadro de pixels Verifica se a altura máxima do board é 50",
              "timedOut": null,
              "duration": 4375,
              "state": "failed",
              "speed": null,
              "pass": false,
              "fail": true,
              "pending": false,
              "context": null,
              "code": "cy.get('#board-size').clear().type(50);\ncy.get('#generate-board').click();\ncy.get('.pixel').should('have.length', 2500);",
              "err": {
                "message": "CypressError: Timed out retrying: Expected to find element: '#board-size', but never found it.",
                "estack": "CypressError: Timed out retrying: Expected to find element: '#board-size', but never found it.\n    at cypressErr (http://localhost:52602/__cypress/runner/cypress_runner.js:149934:9)\n    at throwErr (http://localhost:52602/__cypress/runner/cypress_runner.js:149867:11)\n    at Object.throwErrByPath (http://localhost:52602/__cypress/runner/cypress_runner.js:149915:3)\n    at retry (http://localhost:52602/__cypress/runner/cypress_runner.js:144197:19)\n    at onFailFn (http://localhost:52602/__cypress/runner/cypress_runner.js:132448:16)\n    at tryCatcher (http://localhost:52602/__cypress/runner/cypress_runner.js:167415:23)\n    at Promise._settlePromiseFromHandler (http://localhost:52602/__cypress/runner/cypress_runner.js:165351:31)\n    at Promise._settlePromise (http://localhost:52602/__cypress/runner/cypress_runner.js:165408:18)\n    at Promise._settlePromise0 (http://localhost:52602/__cypress/runner/cypress_runner.js:165453:10)\n    at Promise._settlePromises (http://localhost:52602/__cypress/runner/cypress_runner.js:165528:18)\n    at Async../node_modules/bluebird/js/release/async.js.Async._drainQueue (http://localhost:52602/__cypress/runner/cypress_runner.js:162140:16)\n    at Async../node_modules/bluebird/js/release/async.js.Async._drainQueues (http://localhost:52602/__cypress/runner/cypress_runner.js:162150:10)\n    at Async.drainQueues (http://localhost:52602/__cypress/runner/cypress_runner.js:162024:14)",
                "diff": null
              },
              "uuid": "a3eccadd-5685-4448-bc78-aff2ff41d057",
              "parentUUID": "9a8270cd-50aa-4954-9462-c4422223a253",
              "isHook": false,
              "skipped": false
            },
            {
              "title": "Verifica se a altura do board é 5 quando um valor menor é colocado no input",
              "fullTitle": "14 - Crie uma função que limite o tamanho mínimo e máximo do quadro de pixels Verifica se a altura do board é 5 quando um valor menor é colocado no input",
              "timedOut": null,
              "duration": 4367,
              "state": "failed",
              "speed": null,
              "pass": false,
              "fail": true,
              "pending": false,
              "context": null,
              "code": "cy.get('#board-size').clear().type(4);\ncy.get('#generate-board').click();\ncy.get('.pixel').should('have.length', 25);",
              "err": {
                "message": "CypressError: Timed out retrying: Expected to find element: '#board-size', but never found it.",
                "estack": "CypressError: Timed out retrying: Expected to find element: '#board-size', but never found it.\n    at cypressErr (http://localhost:52602/__cypress/runner/cypress_runner.js:149934:9)\n    at throwErr (http://localhost:52602/__cypress/runner/cypress_runner.js:149867:11)\n    at Object.throwErrByPath (http://localhost:52602/__cypress/runner/cypress_runner.js:149915:3)\n    at retry (http://localhost:52602/__cypress/runner/cypress_runner.js:144197:19)\n    at onFailFn (http://localhost:52602/__cypress/runner/cypress_runner.js:132448:16)\n    at tryCatcher (http://localhost:52602/__cypress/runner/cypress_runner.js:167415:23)\n    at Promise._settlePromiseFromHandler (http://localhost:52602/__cypress/runner/cypress_runner.js:165351:31)\n    at Promise._settlePromise (http://localhost:52602/__cypress/runner/cypress_runner.js:165408:18)\n    at Promise._settlePromise0 (http://localhost:52602/__cypress/runner/cypress_runner.js:165453:10)\n    at Promise._settlePromises (http://localhost:52602/__cypress/runner/cypress_runner.js:165528:18)\n    at Async../node_modules/bluebird/js/release/async.js.Async._drainQueue (http://localhost:52602/__cypress/runner/cypress_runner.js:162140:16)\n    at Async../node_modules/bluebird/js/release/async.js.Async._drainQueues (http://localhost:52602/__cypress/runner/cypress_runner.js:162150:10)\n    at Async.drainQueues (http://localhost:52602/__cypress/runner/cypress_runner.js:162024:14)",
                "diff": null
              },
              "uuid": "942f79ad-881a-4024-86dd-303a3238a68a",
              "parentUUID": "9a8270cd-50aa-4954-9462-c4422223a253",
              "isHook": false,
              "skipped": false
            },
            {
              "title": "Verifica se a altura do board é 50 quando um valor maior é colocado no input",
              "fullTitle": "14 - Crie uma função que limite o tamanho mínimo e máximo do quadro de pixels Verifica se a altura do board é 50 quando um valor maior é colocado no input",
              "timedOut": null,
              "duration": 4413,
              "state": "failed",
              "speed": null,
              "pass": false,
              "fail": true,
              "pending": false,
              "context": null,
              "code": "cy.get('#board-size').clear().type(51);\ncy.get('#generate-board').click();\ncy.get('.pixel').should('have.length', 2500);",
              "err": {
                "message": "CypressError: Timed out retrying: Expected to find element: '#board-size', but never found it.",
                "estack": "CypressError: Timed out retrying: Expected to find element: '#board-size', but never found it.\n    at cypressErr (http://localhost:52602/__cypress/runner/cypress_runner.js:149934:9)\n    at throwErr (http://localhost:52602/__cypress/runner/cypress_runner.js:149867:11)\n    at Object.throwErrByPath (http://localhost:52602/__cypress/runner/cypress_runner.js:149915:3)\n    at retry (http://localhost:52602/__cypress/runner/cypress_runner.js:144197:19)\n    at onFailFn (http://localhost:52602/__cypress/runner/cypress_runner.js:132448:16)\n    at tryCatcher (http://localhost:52602/__cypress/runner/cypress_runner.js:167415:23)\n    at Promise._settlePromiseFromHandler (http://localhost:52602/__cypress/runner/cypress_runner.js:165351:31)\n    at Promise._settlePromise (http://localhost:52602/__cypress/runner/cypress_runner.js:165408:18)\n    at Promise._settlePromise0 (http://localhost:52602/__cypress/runner/cypress_runner.js:165453:10)\n    at Promise._settlePromises (http://localhost:52602/__cypress/runner/cypress_runner.js:165528:18)\n    at Async../node_modules/bluebird/js/release/async.js.Async._drainQueue (http://localhost:52602/__cypress/runner/cypress_runner.js:162140:16)\n    at Async../node_modules/bluebird/js/release/async.js.Async._drainQueues (http://localhost:52602/__cypress/runner/cypress_runner.js:162150:10)\n    at Async.drainQueues (http://localhost:52602/__cypress/runner/cypress_runner.js:162024:14)",
                "diff": null
              },
              "uuid": "cd8591ef-9b5d-4406-a1c9-dcace85a0f1f",
              "parentUUID": "9a8270cd-50aa-4954-9462-c4422223a253",
              "isHook": false,
              "skipped": false
            }
          ],
          "suites": [],
          "passes": [],
          "failures": [
            "a3eccadd-5685-4448-bc78-aff2ff41d057",
            "942f79ad-881a-4024-86dd-303a3238a68a",
            "cd8591ef-9b5d-4406-a1c9-dcace85a0f1f"
          ],
          "pending": [],
          "skipped": [],
          "duration": 13155,
          "root": false,
          "rootEmpty": false,
          "_timeout": 2000
        },
        {
          "uuid": "3c799df8-c3e1-4600-92b5-888a2b2a0141",
          "title": "15 - Crie uma função para manter o tamanho novo do board ao recarregar a página",
          "fullFile": "",
          "file": "",
          "beforeHooks": [],
          "afterHooks": [],
          "tests": [
            {
              "title": "O tamanho do board gerado deve ser salvo no localStorage com a chave `boardSize`",
              "fullTitle": "15 - Crie uma função para manter o tamanho novo do board ao recarregar a página O tamanho do board gerado deve ser salvo no localStorage com a chave `boardSize`",
              "timedOut": null,
              "duration": 4378,
              "state": "failed",
              "speed": null,
              "pass": false,
              "fail": true,
              "pending": false,
              "context": null,
              "code": "cy.get('#board-size').clear().type(6);\ncy.get('#generate-board').click();\ncy.reload().then(function () {\n  var boardSize = JSON.parse(localStorage.getItem('boardSize'));\n  expect(boardSize).to.not.equal(null);\n});",
              "err": {
                "message": "CypressError: Timed out retrying: Expected to find element: '#board-size', but never found it.",
                "estack": "CypressError: Timed out retrying: Expected to find element: '#board-size', but never found it.\n    at cypressErr (http://localhost:52602/__cypress/runner/cypress_runner.js:149934:9)\n    at throwErr (http://localhost:52602/__cypress/runner/cypress_runner.js:149867:11)\n    at Object.throwErrByPath (http://localhost:52602/__cypress/runner/cypress_runner.js:149915:3)\n    at retry (http://localhost:52602/__cypress/runner/cypress_runner.js:144197:19)\n    at onFailFn (http://localhost:52602/__cypress/runner/cypress_runner.js:132448:16)\n    at tryCatcher (http://localhost:52602/__cypress/runner/cypress_runner.js:167415:23)\n    at Promise._settlePromiseFromHandler (http://localhost:52602/__cypress/runner/cypress_runner.js:165351:31)\n    at Promise._settlePromise (http://localhost:52602/__cypress/runner/cypress_runner.js:165408:18)\n    at Promise._settlePromise0 (http://localhost:52602/__cypress/runner/cypress_runner.js:165453:10)\n    at Promise._settlePromises (http://localhost:52602/__cypress/runner/cypress_runner.js:165528:18)\n    at Async../node_modules/bluebird/js/release/async.js.Async._drainQueue (http://localhost:52602/__cypress/runner/cypress_runner.js:162140:16)\n    at Async../node_modules/bluebird/js/release/async.js.Async._drainQueues (http://localhost:52602/__cypress/runner/cypress_runner.js:162150:10)\n    at Async.drainQueues (http://localhost:52602/__cypress/runner/cypress_runner.js:162024:14)",
                "diff": null
              },
              "uuid": "b842cb77-79c2-4a0f-823b-5534bd009bc1",
              "parentUUID": "3c799df8-c3e1-4600-92b5-888a2b2a0141",
              "isHook": false,
              "skipped": false
            },
            {
              "title": "O quadro deve ter o mesmo tamanho gerado ao recarregar a página.",
              "fullTitle": "15 - Crie uma função para manter o tamanho novo do board ao recarregar a página O quadro deve ter o mesmo tamanho gerado ao recarregar a página.",
              "timedOut": null,
              "duration": 4389,
              "state": "failed",
              "speed": null,
              "pass": false,
              "fail": true,
              "pending": false,
              "context": null,
              "code": "cy.get('#board-size').clear().type(6);\ncy.get('#generate-board').click();\ncy.reload();\ncy.get('.pixel').should('have.length', 36);",
              "err": {
                "message": "CypressError: Timed out retrying: Expected to find element: '#board-size', but never found it.",
                "estack": "CypressError: Timed out retrying: Expected to find element: '#board-size', but never found it.\n    at cypressErr (http://localhost:52602/__cypress/runner/cypress_runner.js:149934:9)\n    at throwErr (http://localhost:52602/__cypress/runner/cypress_runner.js:149867:11)\n    at Object.throwErrByPath (http://localhost:52602/__cypress/runner/cypress_runner.js:149915:3)\n    at retry (http://localhost:52602/__cypress/runner/cypress_runner.js:144197:19)\n    at onFailFn (http://localhost:52602/__cypress/runner/cypress_runner.js:132448:16)\n    at tryCatcher (http://localhost:52602/__cypress/runner/cypress_runner.js:167415:23)\n    at Promise._settlePromiseFromHandler (http://localhost:52602/__cypress/runner/cypress_runner.js:165351:31)\n    at Promise._settlePromise (http://localhost:52602/__cypress/runner/cypress_runner.js:165408:18)\n    at Promise._settlePromise0 (http://localhost:52602/__cypress/runner/cypress_runner.js:165453:10)\n    at Promise._settlePromises (http://localhost:52602/__cypress/runner/cypress_runner.js:165528:18)\n    at Async../node_modules/bluebird/js/release/async.js.Async._drainQueue (http://localhost:52602/__cypress/runner/cypress_runner.js:162140:16)\n    at Async../node_modules/bluebird/js/release/async.js.Async._drainQueues (http://localhost:52602/__cypress/runner/cypress_runner.js:162150:10)\n    at Async.drainQueues (http://localhost:52602/__cypress/runner/cypress_runner.js:162024:14)",
                "diff": null
              },
              "uuid": "e682563a-1bb8-42f5-839a-93dffa99e852",
              "parentUUID": "3c799df8-c3e1-4600-92b5-888a2b2a0141",
              "isHook": false,
              "skipped": false
            }
          ],
          "suites": [],
          "passes": [],
          "failures": [
            "b842cb77-79c2-4a0f-823b-5534bd009bc1",
            "e682563a-1bb8-42f5-839a-93dffa99e852"
          ],
          "pending": [],
          "skipped": [],
          "duration": 8767,
          "root": false,
          "rootEmpty": false,
          "_timeout": 2000
        }
      ],
      "passes": [],
      "failures": [],
      "pending": [],
      "skipped": [],
      "duration": 0,
      "root": true,
      "rootEmpty": true,
      "_timeout": 2000
    }
  ],
  "meta": {
    "mocha": {
      "version": "7.0.1"
    },
    "mochawesome": {
      "options": {
        "quiet": false,
        "reportFilename": "mochawesome",
        "saveHtml": false,
        "saveJson": true,
        "consoleReporter": "spec",
        "useInlineDiffs": false
      },
      "version": "4.1.0"
    },
    "marge": {
      "options": {
        "id": "default",
        "reportDir": "cypress/reports",
        "overwrite": true,
        "html": false,
        "json": true
      },
      "version": "4.1.0"
    }
  }
}